[33mW[2023-07-11 19:34:39.223][826-827] Output limit exceeded
3: No such process
Call trace: 
/home/langningc2009/OJ/TestCase.cpp:232 RESULT TEST_CASE::CheckSignal()
[0m
[33mW[2023-07-11 19:34:39.223][826-827] Output limit exceeded
3: No such process
Call trace: 
/home/langningc2009/OJ/TestCase.cpp:232 RESULT TEST_CASE::CheckSignal()
/home/langningc2009/OJ/TestCase.cpp:309 RESULT TEST_CASE::ParentProcess()
[0m
[33mW[2023-07-11 19:34:40.993][826-827] Output limit exceeded
3: No such process
Call trace: 
/home/langningc2009/OJ/TestCase.cpp:232 RESULT TEST_CASE::CheckSignal()
[0m
[33mW[2023-07-11 19:34:40.994][826-827] Output limit exceeded
3: No such process
Call trace: 
/home/langningc2009/OJ/TestCase.cpp:232 RESULT TEST_CASE::CheckSignal()
/home/langningc2009/OJ/TestCase.cpp:309 RESULT TEST_CASE::ParentProcess()
[0m
[33mW[2023-07-11 19:34:42.869][826-827] Output limit exceeded
3: No such process
Call trace: 
/home/langningc2009/OJ/TestCase.cpp:232 RESULT TEST_CASE::CheckSignal()
[0m
[33mW[2023-07-11 19:34:42.870][826-827] Output limit exceeded
3: No such process
Call trace: 
/home/langningc2009/OJ/TestCase.cpp:232 RESULT TEST_CASE::CheckSignal()
/home/langningc2009/OJ/TestCase.cpp:309 RESULT TEST_CASE::ParentProcess()
[0m
[33mW[2023-07-11 19:34:44.944][826-827] Output limit exceeded
3: No such process
Call trace: 
/home/langningc2009/OJ/TestCase.cpp:232 RESULT TEST_CASE::CheckSignal()
[0m
[33mW[2023-07-11 19:34:44.944][826-827] Output limit exceeded
3: No such process
Call trace: 
/home/langningc2009/OJ/TestCase.cpp:232 RESULT TEST_CASE::CheckSignal()
/home/langningc2009/OJ/TestCase.cpp:309 RESULT TEST_CASE::ParentProcess()
[0m
[33mW[2023-07-11 19:34:47.070][826-827] Time limit exceeded
3: No such process
Call trace: 
/home/langningc2009/OJ/TestCase.cpp:227 RESULT TEST_CASE::CheckSignal()
[0m
[33mW[2023-07-11 19:34:47.070][826-827] Time limit exceeded
3: No such process
Call trace: 
/home/langningc2009/OJ/TestCase.cpp:227 RESULT TEST_CASE::CheckSignal()
/home/langningc2009/OJ/TestCase.cpp:309 RESULT TEST_CASE::ParentProcess()
[0m
[33mW[2023-07-11 19:34:49.017][826-827] Output limit exceeded
3: No such process
Call trace: 
/home/langningc2009/OJ/TestCase.cpp:232 RESULT TEST_CASE::CheckSignal()
[0m
[33mW[2023-07-11 19:34:49.017][826-827] Output limit exceeded
3: No such process
Call trace: 
/home/langningc2009/OJ/TestCase.cpp:232 RESULT TEST_CASE::CheckSignal()
/home/langningc2009/OJ/TestCase.cpp:309 RESULT TEST_CASE::ParentProcess()
[0m
[33mW[2023-07-11 19:34:51.351][826-827] Output limit exceeded
3: No such process
Call trace: 
/home/langningc2009/OJ/TestCase.cpp:232 RESULT TEST_CASE::CheckSignal()
[0m
[33mW[2023-07-11 19:34:51.351][826-827] Output limit exceeded
3: No such process
Call trace: 
/home/langningc2009/OJ/TestCase.cpp:232 RESULT TEST_CASE::CheckSignal()
/home/langningc2009/OJ/TestCase.cpp:309 RESULT TEST_CASE::ParentProcess()
[0m
[33mW[2023-07-11 19:34:53.516][826-827] Output limit exceeded
3: No such process
Call trace: 
/home/langningc2009/OJ/TestCase.cpp:232 RESULT TEST_CASE::CheckSignal()
[0m
[33mW[2023-07-11 19:34:53.516][826-827] Output limit exceeded
3: No such process
Call trace: 
/home/langningc2009/OJ/TestCase.cpp:232 RESULT TEST_CASE::CheckSignal()
/home/langningc2009/OJ/TestCase.cpp:309 RESULT TEST_CASE::ParentProcess()
[0m
[33mW[2023-07-11 19:34:53.902][826-1490] Can not open file /home/langningc2009/OJ/HTML/BootStrap/User.js
2: No such file or directory
Call trace: 
/home/langningc2009/OJ/Utilities.cpp:167 static RESULT UTILITIES::LoadFile(std::string, std::string&)
[0m
[33mW[2023-07-11 19:34:55.648][826-827] Time limit exceeded
3: No such process
Call trace: 
/home/langningc2009/OJ/TestCase.cpp:227 RESULT TEST_CASE::CheckSignal()
[0m
[33mW[2023-07-11 19:34:55.648][826-827] Time limit exceeded
3: No such process
Call trace: 
/home/langningc2009/OJ/TestCase.cpp:227 RESULT TEST_CASE::CheckSignal()
/home/langningc2009/OJ/TestCase.cpp:309 RESULT TEST_CASE::ParentProcess()
[0m
[33mW[2023-07-11 19:34:57.774][826-827] Time limit exceeded
3: No such process
Call trace: 
/home/langningc2009/OJ/TestCase.cpp:227 RESULT TEST_CASE::CheckSignal()
[0m
[33mW[2023-07-11 19:34:57.774][826-827] Time limit exceeded
3: No such process
Call trace: 
/home/langningc2009/OJ/TestCase.cpp:227 RESULT TEST_CASE::CheckSignal()
/home/langningc2009/OJ/TestCase.cpp:309 RESULT TEST_CASE::ParentProcess()
[0m
[33mW[2023-07-11 19:34:59.709][826-827] Output limit exceeded
3: No such process
Call trace: 
/home/langningc2009/OJ/TestCase.cpp:232 RESULT TEST_CASE::CheckSignal()
[0m
[33mW[2023-07-11 19:34:59.710][826-827] Output limit exceeded
3: No such process
Call trace: 
/home/langningc2009/OJ/TestCase.cpp:232 RESULT TEST_CASE::CheckSignal()
/home/langningc2009/OJ/TestCase.cpp:309 RESULT TEST_CASE::ParentProcess()
[0m
[33mW[2023-07-11 19:35:01.693][826-827] Output limit exceeded
3: No such process
Call trace: 
/home/langningc2009/OJ/TestCase.cpp:232 RESULT TEST_CASE::CheckSignal()
[0m
[33mW[2023-07-11 19:35:01.693][826-827] Output limit exceeded
3: No such process
Call trace: 
/home/langningc2009/OJ/TestCase.cpp:232 RESULT TEST_CASE::CheckSignal()
/home/langningc2009/OJ/TestCase.cpp:309 RESULT TEST_CASE::ParentProcess()
[0m
[33mW[2023-07-11 19:35:03.611][826-827] Output limit exceeded
3: No such process
Call trace: 
/home/langningc2009/OJ/TestCase.cpp:232 RESULT TEST_CASE::CheckSignal()
[0m
[33mW[2023-07-11 19:35:03.611][826-827] Output limit exceeded
3: No such process
Call trace: 
/home/langningc2009/OJ/TestCase.cpp:232 RESULT TEST_CASE::CheckSignal()
/home/langningc2009/OJ/TestCase.cpp:309 RESULT TEST_CASE::ParentProcess()
[0m
[33mW[2023-07-11 19:35:05.421][826-827] Output limit exceeded
3: No such process
Call trace: 
/home/langningc2009/OJ/TestCase.cpp:232 RESULT TEST_CASE::CheckSignal()
[0m
[33mW[2023-07-11 19:35:05.421][826-827] Output limit exceeded
3: No such process
Call trace: 
/home/langningc2009/OJ/TestCase.cpp:232 RESULT TEST_CASE::CheckSignal()
/home/langningc2009/OJ/TestCase.cpp:309 RESULT TEST_CASE::ParentProcess()
[0m
[33mW[2023-07-11 19:35:07.538][826-827] Time limit exceeded
3: No such process
Call trace: 
/home/langningc2009/OJ/TestCase.cpp:227 RESULT TEST_CASE::CheckSignal()
[0m
[33mW[2023-07-11 19:35:07.538][826-827] Time limit exceeded
3: No such process
Call trace: 
/home/langningc2009/OJ/TestCase.cpp:227 RESULT TEST_CASE::CheckSignal()
/home/langningc2009/OJ/TestCase.cpp:309 RESULT TEST_CASE::ParentProcess()
[0m
[33mW[2023-07-11 19:35:09.457][826-827] Output limit exceeded
3: No such process
Call trace: 
/home/langningc2009/OJ/TestCase.cpp:232 RESULT TEST_CASE::CheckSignal()
[0m
[33mW[2023-07-11 19:35:09.458][826-827] Output limit exceeded
3: No such process
Call trace: 
/home/langningc2009/OJ/TestCase.cpp:232 RESULT TEST_CASE::CheckSignal()
/home/langningc2009/OJ/TestCase.cpp:309 RESULT TEST_CASE::ParentProcess()
[0m
[33mW[2023-07-11 19:35:11.563][826-827] Output limit exceeded
3: No such process
Call trace: 
/home/langningc2009/OJ/TestCase.cpp:232 RESULT TEST_CASE::CheckSignal()
[0m
[33mW[2023-07-11 19:35:11.563][826-827] Output limit exceeded
3: No such process
Call trace: 
/home/langningc2009/OJ/TestCase.cpp:232 RESULT TEST_CASE::CheckSignal()
/home/langningc2009/OJ/TestCase.cpp:309 RESULT TEST_CASE::ParentProcess()
[0m
[33mW[2023-07-11 19:35:13.320][826-827] Output limit exceeded
3: No such process
Call trace: 
/home/langningc2009/OJ/TestCase.cpp:232 RESULT TEST_CASE::CheckSignal()
[0m
[33mW[2023-07-11 19:35:13.320][826-827] Output limit exceeded
3: No such process
Call trace: 
/home/langningc2009/OJ/TestCase.cpp:232 RESULT TEST_CASE::CheckSignal()
/home/langningc2009/OJ/TestCase.cpp:309 RESULT TEST_CASE::ParentProcess()
[0m
[33mW[2023-07-11 19:35:15.279][826-827] Output limit exceeded
3: No such process
Call trace: 
/home/langningc2009/OJ/TestCase.cpp:232 RESULT TEST_CASE::CheckSignal()
[0m
[33mW[2023-07-11 19:35:15.279][826-827] Output limit exceeded
3: No such process
Call trace: 
/home/langningc2009/OJ/TestCase.cpp:232 RESULT TEST_CASE::CheckSignal()
/home/langningc2009/OJ/TestCase.cpp:309 RESULT TEST_CASE::ParentProcess()
[0m
[33mW[2023-07-11 19:35:17.383][826-827] Output limit exceeded
3: No such process
Call trace: 
/home/langningc2009/OJ/TestCase.cpp:232 RESULT TEST_CASE::CheckSignal()
[0m
[33mW[2023-07-11 19:35:17.383][826-827] Output limit exceeded
3: No such process
Call trace: 
/home/langningc2009/OJ/TestCase.cpp:232 RESULT TEST_CASE::CheckSignal()
/home/langningc2009/OJ/TestCase.cpp:309 RESULT TEST_CASE::ParentProcess()
[0m
[33mW[2023-07-11 19:35:19.479][826-827] Output limit exceeded
3: No such process
Call trace: 
/home/langningc2009/OJ/TestCase.cpp:232 RESULT TEST_CASE::CheckSignal()
[0m
[33mW[2023-07-11 19:35:19.479][826-827] Output limit exceeded
3: No such process
Call trace: 
/home/langningc2009/OJ/TestCase.cpp:232 RESULT TEST_CASE::CheckSignal()
/home/langningc2009/OJ/TestCase.cpp:309 RESULT TEST_CASE::ParentProcess()
[0m
[33mW[2023-07-11 19:35:21.289][826-827] Output limit exceeded
3: No such process
Call trace: 
/home/langningc2009/OJ/TestCase.cpp:232 RESULT TEST_CASE::CheckSignal()
[0m
[33mW[2023-07-11 19:35:21.289][826-827] Output limit exceeded
3: No such process
Call trace: 
/home/langningc2009/OJ/TestCase.cpp:232 RESULT TEST_CASE::CheckSignal()
/home/langningc2009/OJ/TestCase.cpp:309 RESULT TEST_CASE::ParentProcess()
[0m
[33mW[2023-07-11 19:35:23.312][826-827] Output limit exceeded
3: No such process
Call trace: 
/home/langningc2009/OJ/TestCase.cpp:232 RESULT TEST_CASE::CheckSignal()
[0m
[33mW[2023-07-11 19:35:23.313][826-827] Output limit exceeded
3: No such process
Call trace: 
/home/langningc2009/OJ/TestCase.cpp:232 RESULT TEST_CASE::CheckSignal()
/home/langningc2009/OJ/TestCase.cpp:309 RESULT TEST_CASE::ParentProcess()
[0m
[33mW[2023-07-11 19:35:25.253][826-827] Output limit exceeded
3: No such process
Call trace: 
/home/langningc2009/OJ/TestCase.cpp:232 RESULT TEST_CASE::CheckSignal()
[0m
[33mW[2023-07-11 19:35:25.253][826-827] Output limit exceeded
3: No such process
Call trace: 
/home/langningc2009/OJ/TestCase.cpp:232 RESULT TEST_CASE::CheckSignal()
/home/langningc2009/OJ/TestCase.cpp:309 RESULT TEST_CASE::ParentProcess()
[0m
[33mW[2023-07-11 19:35:27.458][826-827] Output limit exceeded
3: No such process
Call trace: 
/home/langningc2009/OJ/TestCase.cpp:232 RESULT TEST_CASE::CheckSignal()
[0m
[33mW[2023-07-11 19:35:27.458][826-827] Output limit exceeded
3: No such process
Call trace: 
/home/langningc2009/OJ/TestCase.cpp:232 RESULT TEST_CASE::CheckSignal()
/home/langningc2009/OJ/TestCase.cpp:309 RESULT TEST_CASE::ParentProcess()
[0m
[33mW[2023-07-11 19:35:29.313][826-827] Output limit exceeded
3: No such process
Call trace: 
/home/langningc2009/OJ/TestCase.cpp:232 RESULT TEST_CASE::CheckSignal()
[0m
[33mW[2023-07-11 19:35:29.313][826-827] Output limit exceeded
3: No such process
Call trace: 
/home/langningc2009/OJ/TestCase.cpp:232 RESULT TEST_CASE::CheckSignal()
/home/langningc2009/OJ/TestCase.cpp:309 RESULT TEST_CASE::ParentProcess()
[0m
[33mW[2023-07-11 19:35:31.536][826-827] Time limit exceeded
3: No such process
Call trace: 
/home/langningc2009/OJ/TestCase.cpp:227 RESULT TEST_CASE::CheckSignal()
[0m
[33mW[2023-07-11 19:35:31.536][826-827] Time limit exceeded
3: No such process
Call trace: 
/home/langningc2009/OJ/TestCase.cpp:227 RESULT TEST_CASE::CheckSignal()
/home/langningc2009/OJ/TestCase.cpp:309 RESULT TEST_CASE::ParentProcess()
[0m
[33mW[2023-07-11 19:35:33.682][826-827] Time limit exceeded
3: No such process
Call trace: 
/home/langningc2009/OJ/TestCase.cpp:227 RESULT TEST_CASE::CheckSignal()
[0m
[33mW[2023-07-11 19:35:33.683][826-827] Time limit exceeded
3: No such process
Call trace: 
/home/langningc2009/OJ/TestCase.cpp:227 RESULT TEST_CASE::CheckSignal()
/home/langningc2009/OJ/TestCase.cpp:309 RESULT TEST_CASE::ParentProcess()
[0m
[33mW[2023-07-11 19:35:35.748][826-827] Output limit exceeded
3: No such process
Call trace: 
/home/langningc2009/OJ/TestCase.cpp:232 RESULT TEST_CASE::CheckSignal()
[0m
[33mW[2023-07-11 19:35:35.748][826-827] Output limit exceeded
3: No such process
Call trace: 
/home/langningc2009/OJ/TestCase.cpp:232 RESULT TEST_CASE::CheckSignal()
/home/langningc2009/OJ/TestCase.cpp:309 RESULT TEST_CASE::ParentProcess()
[0m
[33mW[2023-07-11 19:35:37.871][826-827] Time limit exceeded
3: No such process
Call trace: 
/home/langningc2009/OJ/TestCase.cpp:227 RESULT TEST_CASE::CheckSignal()
[0m
[33mW[2023-07-11 19:35:37.871][826-827] Time limit exceeded
3: No such process
Call trace: 
/home/langningc2009/OJ/TestCase.cpp:227 RESULT TEST_CASE::CheckSignal()
/home/langningc2009/OJ/TestCase.cpp:309 RESULT TEST_CASE::ParentProcess()
[0m
[33mW[2023-07-11 19:35:47.035][826-827] Output limit exceeded
3: No such process
Call trace: 
/home/langningc2009/OJ/TestCase.cpp:232 RESULT TEST_CASE::CheckSignal()
[0m
[33mW[2023-07-11 19:35:47.035][826-827] Output limit exceeded
3: No such process
Call trace: 
/home/langningc2009/OJ/TestCase.cpp:232 RESULT TEST_CASE::CheckSignal()
/home/langningc2009/OJ/TestCase.cpp:309 RESULT TEST_CASE::ParentProcess()
[0m
[33mW[2023-07-11 19:35:49.176][826-827] Time limit exceeded
3: No such process
Call trace: 
/home/langningc2009/OJ/TestCase.cpp:227 RESULT TEST_CASE::CheckSignal()
[0m
[33mW[2023-07-11 19:35:49.176][826-827] Time limit exceeded
3: No such process
Call trace: 
/home/langningc2009/OJ/TestCase.cpp:227 RESULT TEST_CASE::CheckSignal()
/home/langningc2009/OJ/TestCase.cpp:309 RESULT TEST_CASE::ParentProcess()
[0m
[33mW[2023-07-11 19:35:51.334][826-827] Time limit exceeded
3: No such process
Call trace: 
/home/langningc2009/OJ/TestCase.cpp:227 RESULT TEST_CASE::CheckSignal()
[0m
[33mW[2023-07-11 19:35:51.334][826-827] Time limit exceeded
3: No such process
Call trace: 
/home/langningc2009/OJ/TestCase.cpp:227 RESULT TEST_CASE::CheckSignal()
/home/langningc2009/OJ/TestCase.cpp:309 RESULT TEST_CASE::ParentProcess()
[0m
[33mW[2023-07-11 19:35:53.491][826-827] Output limit exceeded
3: No such process
Call trace: 
/home/langningc2009/OJ/TestCase.cpp:232 RESULT TEST_CASE::CheckSignal()
[0m
[33mW[2023-07-11 19:35:53.491][826-827] Output limit exceeded
3: No such process
Call trace: 
/home/langningc2009/OJ/TestCase.cpp:232 RESULT TEST_CASE::CheckSignal()
/home/langningc2009/OJ/TestCase.cpp:309 RESULT TEST_CASE::ParentProcess()
[0m
[33mW[2023-07-11 19:35:55.333][826-827] Output limit exceeded
3: No such process
Call trace: 
/home/langningc2009/OJ/TestCase.cpp:232 RESULT TEST_CASE::CheckSignal()
[0m
[33mW[2023-07-11 19:35:55.334][826-827] Output limit exceeded
3: No such process
Call trace: 
/home/langningc2009/OJ/TestCase.cpp:232 RESULT TEST_CASE::CheckSignal()
/home/langningc2009/OJ/TestCase.cpp:309 RESULT TEST_CASE::ParentProcess()
[0m
[33mW[2023-07-11 19:35:57.289][826-827] Output limit exceeded
3: No such process
Call trace: 
/home/langningc2009/OJ/TestCase.cpp:232 RESULT TEST_CASE::CheckSignal()
[0m
[33mW[2023-07-11 19:35:57.289][826-827] Output limit exceeded
3: No such process
Call trace: 
/home/langningc2009/OJ/TestCase.cpp:232 RESULT TEST_CASE::CheckSignal()
/home/langningc2009/OJ/TestCase.cpp:309 RESULT TEST_CASE::ParentProcess()
[0m
[33mW[2023-07-11 19:35:59.397][826-827] Time limit exceeded
3: No such process
Call trace: 
/home/langningc2009/OJ/TestCase.cpp:227 RESULT TEST_CASE::CheckSignal()
[0m
[33mW[2023-07-11 19:35:59.397][826-827] Time limit exceeded
3: No such process
Call trace: 
/home/langningc2009/OJ/TestCase.cpp:227 RESULT TEST_CASE::CheckSignal()
/home/langningc2009/OJ/TestCase.cpp:309 RESULT TEST_CASE::ParentProcess()
[0m
[33mW[2023-07-11 19:36:01.585][826-827] Output limit exceeded
3: No such process
Call trace: 
/home/langningc2009/OJ/TestCase.cpp:232 RESULT TEST_CASE::CheckSignal()
[0m
[33mW[2023-07-11 19:36:01.585][826-827] Output limit exceeded
3: No such process
Call trace: 
/home/langningc2009/OJ/TestCase.cpp:232 RESULT TEST_CASE::CheckSignal()
/home/langningc2009/OJ/TestCase.cpp:309 RESULT TEST_CASE::ParentProcess()
[0m
[33mW[2023-07-11 19:36:03.705][826-827] Time limit exceeded
3: No such process
Call trace: 
/home/langningc2009/OJ/TestCase.cpp:227 RESULT TEST_CASE::CheckSignal()
[0m
[33mW[2023-07-11 19:36:03.705][826-827] Time limit exceeded
3: No such process
Call trace: 
/home/langningc2009/OJ/TestCase.cpp:227 RESULT TEST_CASE::CheckSignal()
/home/langningc2009/OJ/TestCase.cpp:309 RESULT TEST_CASE::ParentProcess()
[0m
[33mW[2023-07-11 19:36:05.840][826-827] Time limit exceeded
3: No such process
Call trace: 
/home/langningc2009/OJ/TestCase.cpp:227 RESULT TEST_CASE::CheckSignal()
[0m
[33mW[2023-07-11 19:36:05.840][826-827] Time limit exceeded
3: No such process
Call trace: 
/home/langningc2009/OJ/TestCase.cpp:227 RESULT TEST_CASE::CheckSignal()
/home/langningc2009/OJ/TestCase.cpp:309 RESULT TEST_CASE::ParentProcess()
[0m
[33mW[2023-07-11 19:36:07.985][826-827] Time limit exceeded
3: No such process
Call trace: 
/home/langningc2009/OJ/TestCase.cpp:227 RESULT TEST_CASE::CheckSignal()
[0m
[33mW[2023-07-11 19:36:07.985][826-827] Time limit exceeded
3: No such process
Call trace: 
/home/langningc2009/OJ/TestCase.cpp:227 RESULT TEST_CASE::CheckSignal()
/home/langningc2009/OJ/TestCase.cpp:309 RESULT TEST_CASE::ParentProcess()
[0m
[33mW[2023-07-11 19:36:10.132][826-827] Time limit exceeded
3: No such process
Call trace: 
/home/langningc2009/OJ/TestCase.cpp:227 RESULT TEST_CASE::CheckSignal()
[0m
[33mW[2023-07-11 19:36:10.133][826-827] Time limit exceeded
3: No such process
Call trace: 
/home/langningc2009/OJ/TestCase.cpp:227 RESULT TEST_CASE::CheckSignal()
/home/langningc2009/OJ/TestCase.cpp:309 RESULT TEST_CASE::ParentProcess()
[0m
[33mW[2023-07-11 19:36:12.268][826-827] Time limit exceeded
3: No such process
Call trace: 
/home/langningc2009/OJ/TestCase.cpp:227 RESULT TEST_CASE::CheckSignal()
[0m
[33mW[2023-07-11 19:36:12.268][826-827] Time limit exceeded
3: No such process
Call trace: 
/home/langningc2009/OJ/TestCase.cpp:227 RESULT TEST_CASE::CheckSignal()
/home/langningc2009/OJ/TestCase.cpp:309 RESULT TEST_CASE::ParentProcess()
[0m
[33mW[2023-07-11 19:36:14.351][826-827] Output limit exceeded
3: No such process
Call trace: 
/home/langningc2009/OJ/TestCase.cpp:232 RESULT TEST_CASE::CheckSignal()
[0m
[33mW[2023-07-11 19:36:14.351][826-827] Output limit exceeded
3: No such process
Call trace: 
/home/langningc2009/OJ/TestCase.cpp:232 RESULT TEST_CASE::CheckSignal()
/home/langningc2009/OJ/TestCase.cpp:309 RESULT TEST_CASE::ParentProcess()
[0m
[33mW[2023-07-11 19:36:16.510][826-827] Time limit exceeded
3: No such process
Call trace: 
/home/langningc2009/OJ/TestCase.cpp:227 RESULT TEST_CASE::CheckSignal()
[0m
[33mW[2023-07-11 19:36:16.510][826-827] Time limit exceeded
3: No such process
Call trace: 
/home/langningc2009/OJ/TestCase.cpp:227 RESULT TEST_CASE::CheckSignal()
/home/langningc2009/OJ/TestCase.cpp:309 RESULT TEST_CASE::ParentProcess()
[0m
[33mW[2023-07-11 19:36:18.639][826-827] Time limit exceeded
3: No such process
Call trace: 
/home/langningc2009/OJ/TestCase.cpp:227 RESULT TEST_CASE::CheckSignal()
[0m
[33mW[2023-07-11 19:36:18.639][826-827] Time limit exceeded
3: No such process
Call trace: 
/home/langningc2009/OJ/TestCase.cpp:227 RESULT TEST_CASE::CheckSignal()
/home/langningc2009/OJ/TestCase.cpp:309 RESULT TEST_CASE::ParentProcess()
[0m
[33mW[2023-07-11 19:36:20.794][826-827] Time limit exceeded
3: No such process
Call trace: 
/home/langningc2009/OJ/TestCase.cpp:227 RESULT TEST_CASE::CheckSignal()
[0m
[33mW[2023-07-11 19:36:20.794][826-827] Time limit exceeded
3: No such process
Call trace: 
/home/langningc2009/OJ/TestCase.cpp:227 RESULT TEST_CASE::CheckSignal()
/home/langningc2009/OJ/TestCase.cpp:309 RESULT TEST_CASE::ParentProcess()
[0m
[33mW[2023-07-11 19:36:24.231][826-827] Output limit exceeded
3: No such process
Call trace: 
/home/langningc2009/OJ/TestCase.cpp:232 RESULT TEST_CASE::CheckSignal()
[0m
[33mW[2023-07-11 19:36:24.231][826-827] Output limit exceeded
3: No such process
Call trace: 
/home/langningc2009/OJ/TestCase.cpp:232 RESULT TEST_CASE::CheckSignal()
/home/langningc2009/OJ/TestCase.cpp:309 RESULT TEST_CASE::ParentProcess()
[0m
[33mW[2023-07-11 19:36:26.361][826-827] Time limit exceeded
3: No such process
Call trace: 
/home/langningc2009/OJ/TestCase.cpp:227 RESULT TEST_CASE::CheckSignal()
[0m
[33mW[2023-07-11 19:36:26.361][826-827] Time limit exceeded
3: No such process
Call trace: 
/home/langningc2009/OJ/TestCase.cpp:227 RESULT TEST_CASE::CheckSignal()
/home/langningc2009/OJ/TestCase.cpp:309 RESULT TEST_CASE::ParentProcess()
[0m
[33mW[2023-07-11 19:36:28.510][826-827] Time limit exceeded
3: No such process
Call trace: 
/home/langningc2009/OJ/TestCase.cpp:227 RESULT TEST_CASE::CheckSignal()
[0m
[33mW[2023-07-11 19:36:28.510][826-827] Time limit exceeded
3: No such process
Call trace: 
/home/langningc2009/OJ/TestCase.cpp:227 RESULT TEST_CASE::CheckSignal()
/home/langningc2009/OJ/TestCase.cpp:309 RESULT TEST_CASE::ParentProcess()
[0m
[33mW[2023-07-11 19:36:30.728][826-827] Time limit exceeded
3: No such process
Call trace: 
/home/langningc2009/OJ/TestCase.cpp:227 RESULT TEST_CASE::CheckSignal()
[0m
[33mW[2023-07-11 19:36:30.728][826-827] Time limit exceeded
3: No such process
Call trace: 
/home/langningc2009/OJ/TestCase.cpp:227 RESULT TEST_CASE::CheckSignal()
/home/langningc2009/OJ/TestCase.cpp:309 RESULT TEST_CASE::ParentProcess()
[0m
[33mW[2023-07-11 19:36:32.955][826-827] Time limit exceeded
3: No such process
Call trace: 
/home/langningc2009/OJ/TestCase.cpp:227 RESULT TEST_CASE::CheckSignal()
[0m
[33mW[2023-07-11 19:36:32.955][826-827] Time limit exceeded
3: No such process
Call trace: 
/home/langningc2009/OJ/TestCase.cpp:227 RESULT TEST_CASE::CheckSignal()
/home/langningc2009/OJ/TestCase.cpp:309 RESULT TEST_CASE::ParentProcess()
[0m
[33mW[2023-07-11 19:36:35.099][826-827] Time limit exceeded
3: No such process
Call trace: 
/home/langningc2009/OJ/TestCase.cpp:227 RESULT TEST_CASE::CheckSignal()
[0m
[33mW[2023-07-11 19:36:35.099][826-827] Time limit exceeded
3: No such process
Call trace: 
/home/langningc2009/OJ/TestCase.cpp:227 RESULT TEST_CASE::CheckSignal()
/home/langningc2009/OJ/TestCase.cpp:309 RESULT TEST_CASE::ParentProcess()
[0m
[33mW[2023-07-11 19:36:36.926][826-827] Output limit exceeded
3: No such process
Call trace: 
/home/langningc2009/OJ/TestCase.cpp:232 RESULT TEST_CASE::CheckSignal()
[0m
[33mW[2023-07-11 19:36:36.926][826-827] Output limit exceeded
3: No such process
Call trace: 
/home/langningc2009/OJ/TestCase.cpp:232 RESULT TEST_CASE::CheckSignal()
/home/langningc2009/OJ/TestCase.cpp:309 RESULT TEST_CASE::ParentProcess()
[0m
[33mW[2023-07-11 19:36:39.049][826-827] Time limit exceeded
3: No such process
Call trace: 
/home/langningc2009/OJ/TestCase.cpp:227 RESULT TEST_CASE::CheckSignal()
[0m
[33mW[2023-07-11 19:36:39.049][826-827] Time limit exceeded
3: No such process
Call trace: 
/home/langningc2009/OJ/TestCase.cpp:227 RESULT TEST_CASE::CheckSignal()
/home/langningc2009/OJ/TestCase.cpp:309 RESULT TEST_CASE::ParentProcess()
[0m
[33mW[2023-07-11 19:36:40.870][826-827] Output limit exceeded
3: No such process
Call trace: 
/home/langningc2009/OJ/TestCase.cpp:232 RESULT TEST_CASE::CheckSignal()
[0m
[33mW[2023-07-11 19:36:40.870][826-827] Output limit exceeded
3: No such process
Call trace: 
/home/langningc2009/OJ/TestCase.cpp:232 RESULT TEST_CASE::CheckSignal()
/home/langningc2009/OJ/TestCase.cpp:309 RESULT TEST_CASE::ParentProcess()
[0m
[33mW[2023-07-11 19:36:43.078][826-827] Time limit exceeded
3: No such process
Call trace: 
/home/langningc2009/OJ/TestCase.cpp:227 RESULT TEST_CASE::CheckSignal()
[0m
[33mW[2023-07-11 19:36:43.078][826-827] Time limit exceeded
3: No such process
Call trace: 
/home/langningc2009/OJ/TestCase.cpp:227 RESULT TEST_CASE::CheckSignal()
/home/langningc2009/OJ/TestCase.cpp:309 RESULT TEST_CASE::ParentProcess()
[0m
[33mW[2023-07-11 19:36:45.305][826-827] Time limit exceeded
3: No such process
Call trace: 
/home/langningc2009/OJ/TestCase.cpp:227 RESULT TEST_CASE::CheckSignal()
[0m
[33mW[2023-07-11 19:36:45.305][826-827] Time limit exceeded
3: No such process
Call trace: 
/home/langningc2009/OJ/TestCase.cpp:227 RESULT TEST_CASE::CheckSignal()
/home/langningc2009/OJ/TestCase.cpp:309 RESULT TEST_CASE::ParentProcess()
[0m
[33mW[2023-07-11 19:36:47.415][826-827] Time limit exceeded
3: No such process
Call trace: 
/home/langningc2009/OJ/TestCase.cpp:227 RESULT TEST_CASE::CheckSignal()
[0m
[33mW[2023-07-11 19:36:47.415][826-827] Time limit exceeded
3: No such process
Call trace: 
/home/langningc2009/OJ/TestCase.cpp:227 RESULT TEST_CASE::CheckSignal()
/home/langningc2009/OJ/TestCase.cpp:309 RESULT TEST_CASE::ParentProcess()
[0m
[33mW[2023-07-11 19:36:49.633][826-827] Time limit exceeded
3: No such process
Call trace: 
/home/langningc2009/OJ/TestCase.cpp:227 RESULT TEST_CASE::CheckSignal()
[0m
[33mW[2023-07-11 19:36:49.633][826-827] Time limit exceeded
3: No such process
Call trace: 
/home/langningc2009/OJ/TestCase.cpp:227 RESULT TEST_CASE::CheckSignal()
/home/langningc2009/OJ/TestCase.cpp:309 RESULT TEST_CASE::ParentProcess()
[0m
[33mW[2023-07-11 19:37:01.751][826-827] Judged
3: No such process
Call trace: 
/home/langningc2009/OJ/TestCase.cpp:219 RESULT TEST_CASE::CheckSignal()
[0m
[33mW[2023-07-11 19:37:01.751][826-827] Judged
3: No such process
Call trace: 
/home/langningc2009/OJ/TestCase.cpp:219 RESULT TEST_CASE::CheckSignal()
/home/langningc2009/OJ/TestCase.cpp:309 RESULT TEST_CASE::ParentProcess()
[0m
[33mW[2023-07-11 19:37:01.868][826-827] Judged
3: No such process
Call trace: 
/home/langningc2009/OJ/TestCase.cpp:219 RESULT TEST_CASE::CheckSignal()
[0m
[33mW[2023-07-11 19:37:01.869][826-827] Judged
3: No such process
Call trace: 
/home/langningc2009/OJ/TestCase.cpp:219 RESULT TEST_CASE::CheckSignal()
/home/langningc2009/OJ/TestCase.cpp:309 RESULT TEST_CASE::ParentProcess()
[0m
[33mW[2023-07-11 19:37:01.985][826-827] Judged
3: No such process
Call trace: 
/home/langningc2009/OJ/TestCase.cpp:219 RESULT TEST_CASE::CheckSignal()
[0m
[33mW[2023-07-11 19:37:01.985][826-827] Judged
3: No such process
Call trace: 
/home/langningc2009/OJ/TestCase.cpp:219 RESULT TEST_CASE::CheckSignal()
/home/langningc2009/OJ/TestCase.cpp:309 RESULT TEST_CASE::ParentProcess()
[0m
[33mW[2023-07-11 19:37:02.105][826-827] Judged
3: No such process
Call trace: 
/home/langningc2009/OJ/TestCase.cpp:219 RESULT TEST_CASE::CheckSignal()
[0m
[33mW[2023-07-11 19:37:02.105][826-827] Judged
3: No such process
Call trace: 
/home/langningc2009/OJ/TestCase.cpp:219 RESULT TEST_CASE::CheckSignal()
/home/langningc2009/OJ/TestCase.cpp:309 RESULT TEST_CASE::ParentProcess()
[0m
[33mW[2023-07-11 19:37:02.205][826-827] Judged
3: No such process
Call trace: 
/home/langningc2009/OJ/TestCase.cpp:219 RESULT TEST_CASE::CheckSignal()
[0m
[33mW[2023-07-11 19:37:02.205][826-827] Judged
3: No such process
Call trace: 
/home/langningc2009/OJ/TestCase.cpp:219 RESULT TEST_CASE::CheckSignal()
/home/langningc2009/OJ/TestCase.cpp:309 RESULT TEST_CASE::ParentProcess()
[0m
[33mW[2023-07-11 19:37:02.316][826-827] Judged
3: No such process
Call trace: 
/home/langningc2009/OJ/TestCase.cpp:219 RESULT TEST_CASE::CheckSignal()
[0m
[33mW[2023-07-11 19:37:02.316][826-827] Judged
3: No such process
Call trace: 
/home/langningc2009/OJ/TestCase.cpp:219 RESULT TEST_CASE::CheckSignal()
/home/langningc2009/OJ/TestCase.cpp:309 RESULT TEST_CASE::ParentProcess()
[0m
[33mW[2023-07-11 19:37:02.565][826-827] Judged
3: No such process
Call trace: 
/home/langningc2009/OJ/TestCase.cpp:219 RESULT TEST_CASE::CheckSignal()
[0m
[33mW[2023-07-11 19:37:02.565][826-827] Judged
3: No such process
Call trace: 
/home/langningc2009/OJ/TestCase.cpp:219 RESULT TEST_CASE::CheckSignal()
/home/langningc2009/OJ/TestCase.cpp:309 RESULT TEST_CASE::ParentProcess()
[0m
[33mW[2023-07-11 19:37:02.684][826-827] Judged
3: No such process
Call trace: 
/home/langningc2009/OJ/TestCase.cpp:219 RESULT TEST_CASE::CheckSignal()
[0m
[33mW[2023-07-11 19:37:02.684][826-827] Judged
3: No such process
Call trace: 
/home/langningc2009/OJ/TestCase.cpp:219 RESULT TEST_CASE::CheckSignal()
/home/langningc2009/OJ/TestCase.cpp:309 RESULT TEST_CASE::ParentProcess()
[0m
[33mW[2023-07-11 19:37:02.777][826-827] Judged
3: No such process
Call trace: 
/home/langningc2009/OJ/TestCase.cpp:219 RESULT TEST_CASE::CheckSignal()
[0m
[33mW[2023-07-11 19:37:02.777][826-827] Judged
3: No such process
Call trace: 
/home/langningc2009/OJ/TestCase.cpp:219 RESULT TEST_CASE::CheckSignal()
/home/langningc2009/OJ/TestCase.cpp:309 RESULT TEST_CASE::ParentProcess()
[0m
[33mW[2023-07-11 19:37:02.883][826-827] Judged
3: No such process
Call trace: 
/home/langningc2009/OJ/TestCase.cpp:219 RESULT TEST_CASE::CheckSignal()
[0m
[33mW[2023-07-11 19:37:02.883][826-827] Judged
3: No such process
Call trace: 
/home/langningc2009/OJ/TestCase.cpp:219 RESULT TEST_CASE::CheckSignal()
/home/langningc2009/OJ/TestCase.cpp:309 RESULT TEST_CASE::ParentProcess()
[0m
[33mW[2023-07-11 19:37:02.972][826-827] Judged
3: No such process
Call trace: 
/home/langningc2009/OJ/TestCase.cpp:219 RESULT TEST_CASE::CheckSignal()
[0m
[33mW[2023-07-11 19:37:02.972][826-827] Judged
3: No such process
Call trace: 
/home/langningc2009/OJ/TestCase.cpp:219 RESULT TEST_CASE::CheckSignal()
/home/langningc2009/OJ/TestCase.cpp:309 RESULT TEST_CASE::ParentProcess()
[0m
[33mW[2023-07-11 19:37:03.066][826-827] Judged
3: No such process
Call trace: 
/home/langningc2009/OJ/TestCase.cpp:219 RESULT TEST_CASE::CheckSignal()
[0m
[33mW[2023-07-11 19:37:03.066][826-827] Judged
3: No such process
Call trace: 
/home/langningc2009/OJ/TestCase.cpp:219 RESULT TEST_CASE::CheckSignal()
/home/langningc2009/OJ/TestCase.cpp:309 RESULT TEST_CASE::ParentProcess()
[0m
[33mW[2023-07-11 19:37:03.157][826-827] Judged
3: No such process
Call trace: 
/home/langningc2009/OJ/TestCase.cpp:219 RESULT TEST_CASE::CheckSignal()
[0m
[33mW[2023-07-11 19:37:03.157][826-827] Judged
3: No such process
Call trace: 
/home/langningc2009/OJ/TestCase.cpp:219 RESULT TEST_CASE::CheckSignal()
/home/langningc2009/OJ/TestCase.cpp:309 RESULT TEST_CASE::ParentProcess()
[0m
[33mW[2023-07-11 19:37:03.247][826-827] Judged
3: No such process
Call trace: 
/home/langningc2009/OJ/TestCase.cpp:219 RESULT TEST_CASE::CheckSignal()
[0m
[33mW[2023-07-11 19:37:03.247][826-827] Judged
3: No such process
Call trace: 
/home/langningc2009/OJ/TestCase.cpp:219 RESULT TEST_CASE::CheckSignal()
/home/langningc2009/OJ/TestCase.cpp:309 RESULT TEST_CASE::ParentProcess()
[0m
[33mW[2023-07-11 19:37:03.339][826-827] Judged
3: No such process
Call trace: 
/home/langningc2009/OJ/TestCase.cpp:219 RESULT TEST_CASE::CheckSignal()
[0m
[33mW[2023-07-11 19:37:03.339][826-827] Judged
3: No such process
Call trace: 
/home/langningc2009/OJ/TestCase.cpp:219 RESULT TEST_CASE::CheckSignal()
/home/langningc2009/OJ/TestCase.cpp:309 RESULT TEST_CASE::ParentProcess()
[0m
[33mW[2023-07-11 19:37:03.443][826-827] Judged
3: No such process
Call trace: 
/home/langningc2009/OJ/TestCase.cpp:219 RESULT TEST_CASE::CheckSignal()
[0m
[33mW[2023-07-11 19:37:03.443][826-827] Judged
3: No such process
Call trace: 
/home/langningc2009/OJ/TestCase.cpp:219 RESULT TEST_CASE::CheckSignal()
/home/langningc2009/OJ/TestCase.cpp:309 RESULT TEST_CASE::ParentProcess()
[0m
[33mW[2023-07-11 19:37:03.539][826-827] Judged
3: No such process
Call trace: 
/home/langningc2009/OJ/TestCase.cpp:219 RESULT TEST_CASE::CheckSignal()
[0m
[33mW[2023-07-11 19:37:03.539][826-827] Judged
3: No such process
Call trace: 
/home/langningc2009/OJ/TestCase.cpp:219 RESULT TEST_CASE::CheckSignal()
/home/langningc2009/OJ/TestCase.cpp:309 RESULT TEST_CASE::ParentProcess()
[0m
[33mW[2023-07-11 19:37:03.636][826-827] Judged
3: No such process
Call trace: 
/home/langningc2009/OJ/TestCase.cpp:219 RESULT TEST_CASE::CheckSignal()
[0m
[33mW[2023-07-11 19:37:03.636][826-827] Judged
3: No such process
Call trace: 
/home/langningc2009/OJ/TestCase.cpp:219 RESULT TEST_CASE::CheckSignal()
/home/langningc2009/OJ/TestCase.cpp:309 RESULT TEST_CASE::ParentProcess()
[0m
[33mW[2023-07-11 19:37:03.737][826-827] Judged
3: No such process
Call trace: 
/home/langningc2009/OJ/TestCase.cpp:219 RESULT TEST_CASE::CheckSignal()
[0m
[33mW[2023-07-11 19:37:03.737][826-827] Judged
3: No such process
Call trace: 
/home/langningc2009/OJ/TestCase.cpp:219 RESULT TEST_CASE::CheckSignal()
/home/langningc2009/OJ/TestCase.cpp:309 RESULT TEST_CASE::ParentProcess()
[0m
[33mW[2023-07-11 19:37:03.845][826-827] Judged
3: No such process
Call trace: 
/home/langningc2009/OJ/TestCase.cpp:219 RESULT TEST_CASE::CheckSignal()
[0m
[33mW[2023-07-11 19:37:03.845][826-827] Judged
3: No such process
Call trace: 
/home/langningc2009/OJ/TestCase.cpp:219 RESULT TEST_CASE::CheckSignal()
/home/langningc2009/OJ/TestCase.cpp:309 RESULT TEST_CASE::ParentProcess()
[0m
[33mW[2023-07-11 19:37:03.962][826-827] Judged
3: No such process
Call trace: 
/home/langningc2009/OJ/TestCase.cpp:219 RESULT TEST_CASE::CheckSignal()
[0m
[33mW[2023-07-11 19:37:03.962][826-827] Judged
3: No such process
Call trace: 
/home/langningc2009/OJ/TestCase.cpp:219 RESULT TEST_CASE::CheckSignal()
/home/langningc2009/OJ/TestCase.cpp:309 RESULT TEST_CASE::ParentProcess()
[0m
[33mW[2023-07-11 19:37:04.063][826-827] Judged
3: No such process
Call trace: 
/home/langningc2009/OJ/TestCase.cpp:219 RESULT TEST_CASE::CheckSignal()
[0m
[33mW[2023-07-11 19:37:04.063][826-827] Judged
3: No such process
Call trace: 
/home/langningc2009/OJ/TestCase.cpp:219 RESULT TEST_CASE::CheckSignal()
/home/langningc2009/OJ/TestCase.cpp:309 RESULT TEST_CASE::ParentProcess()
[0m
[33mW[2023-07-11 19:37:04.237][826-827] Judged
3: No such process
Call trace: 
/home/langningc2009/OJ/TestCase.cpp:219 RESULT TEST_CASE::CheckSignal()
[0m
[33mW[2023-07-11 19:37:04.237][826-827] Judged
3: No such process
Call trace: 
/home/langningc2009/OJ/TestCase.cpp:219 RESULT TEST_CASE::CheckSignal()
/home/langningc2009/OJ/TestCase.cpp:309 RESULT TEST_CASE::ParentProcess()
[0m
[33mW[2023-07-11 19:37:04.336][826-827] Judged
3: No such process
Call trace: 
/home/langningc2009/OJ/TestCase.cpp:219 RESULT TEST_CASE::CheckSignal()
[0m
[33mW[2023-07-11 19:37:04.336][826-827] Judged
3: No such process
Call trace: 
/home/langningc2009/OJ/TestCase.cpp:219 RESULT TEST_CASE::CheckSignal()
/home/langningc2009/OJ/TestCase.cpp:309 RESULT TEST_CASE::ParentProcess()
[0m
[33mW[2023-07-11 19:37:04.426][826-827] Judged
3: No such process
Call trace: 
/home/langningc2009/OJ/TestCase.cpp:219 RESULT TEST_CASE::CheckSignal()
[0m
[33mW[2023-07-11 19:37:04.426][826-827] Judged
3: No such process
Call trace: 
/home/langningc2009/OJ/TestCase.cpp:219 RESULT TEST_CASE::CheckSignal()
/home/langningc2009/OJ/TestCase.cpp:309 RESULT TEST_CASE::ParentProcess()
[0m
[33mW[2023-07-11 19:37:04.515][826-827] Judged
3: No such process
Call trace: 
/home/langningc2009/OJ/TestCase.cpp:219 RESULT TEST_CASE::CheckSignal()
[0m
[33mW[2023-07-11 19:37:04.515][826-827] Judged
3: No such process
Call trace: 
/home/langningc2009/OJ/TestCase.cpp:219 RESULT TEST_CASE::CheckSignal()
/home/langningc2009/OJ/TestCase.cpp:309 RESULT TEST_CASE::ParentProcess()
[0m
[33mW[2023-07-11 19:37:04.611][826-827] Judged
3: No such process
Call trace: 
/home/langningc2009/OJ/TestCase.cpp:219 RESULT TEST_CASE::CheckSignal()
[0m
[33mW[2023-07-11 19:37:04.611][826-827] Judged
3: No such process
Call trace: 
/home/langningc2009/OJ/TestCase.cpp:219 RESULT TEST_CASE::CheckSignal()
/home/langningc2009/OJ/TestCase.cpp:309 RESULT TEST_CASE::ParentProcess()
[0m
[33mW[2023-07-11 19:37:04.716][826-827] Judged
3: No such process
Call trace: 
/home/langningc2009/OJ/TestCase.cpp:219 RESULT TEST_CASE::CheckSignal()
[0m
[33mW[2023-07-11 19:37:04.716][826-827] Judged
3: No such process
Call trace: 
/home/langningc2009/OJ/TestCase.cpp:219 RESULT TEST_CASE::CheckSignal()
/home/langningc2009/OJ/TestCase.cpp:309 RESULT TEST_CASE::ParentProcess()
[0m
[33mW[2023-07-11 19:37:04.822][826-827] Judged
3: No such process
Call trace: 
/home/langningc2009/OJ/TestCase.cpp:219 RESULT TEST_CASE::CheckSignal()
[0m
[33mW[2023-07-11 19:37:04.822][826-827] Judged
3: No such process
Call trace: 
/home/langningc2009/OJ/TestCase.cpp:219 RESULT TEST_CASE::CheckSignal()
/home/langningc2009/OJ/TestCase.cpp:309 RESULT TEST_CASE::ParentProcess()
[0m
[33mW[2023-07-11 19:37:04.939][826-827] Judged
3: No such process
Call trace: 
/home/langningc2009/OJ/TestCase.cpp:219 RESULT TEST_CASE::CheckSignal()
[0m
[33mW[2023-07-11 19:37:04.939][826-827] Judged
3: No such process
Call trace: 
/home/langningc2009/OJ/TestCase.cpp:219 RESULT TEST_CASE::CheckSignal()
/home/langningc2009/OJ/TestCase.cpp:309 RESULT TEST_CASE::ParentProcess()
[0m
[33mW[2023-07-11 19:37:27.505][826-827] Judged
3: No such process
Call trace: 
/home/langningc2009/OJ/TestCase.cpp:219 RESULT TEST_CASE::CheckSignal()
[0m
[33mW[2023-07-11 19:37:27.505][826-827] Judged
3: No such process
Call trace: 
/home/langningc2009/OJ/TestCase.cpp:219 RESULT TEST_CASE::CheckSignal()
/home/langningc2009/OJ/TestCase.cpp:309 RESULT TEST_CASE::ParentProcess()
[0m
[33mW[2023-07-11 19:37:27.618][826-827] Judged
3: No such process
Call trace: 
/home/langningc2009/OJ/TestCase.cpp:219 RESULT TEST_CASE::CheckSignal()
[0m
[33mW[2023-07-11 19:37:27.618][826-827] Judged
3: No such process
Call trace: 
/home/langningc2009/OJ/TestCase.cpp:219 RESULT TEST_CASE::CheckSignal()
/home/langningc2009/OJ/TestCase.cpp:309 RESULT TEST_CASE::ParentProcess()
[0m
[33mW[2023-07-11 19:37:27.741][826-827] Judged
3: No such process
Call trace: 
/home/langningc2009/OJ/TestCase.cpp:219 RESULT TEST_CASE::CheckSignal()
[0m
[33mW[2023-07-11 19:37:27.741][826-827] Judged
3: No such process
Call trace: 
/home/langningc2009/OJ/TestCase.cpp:219 RESULT TEST_CASE::CheckSignal()
/home/langningc2009/OJ/TestCase.cpp:309 RESULT TEST_CASE::ParentProcess()
[0m
[33mW[2023-07-11 19:37:27.878][826-827] Judged
3: No such process
Call trace: 
/home/langningc2009/OJ/TestCase.cpp:219 RESULT TEST_CASE::CheckSignal()
[0m
[33mW[2023-07-11 19:37:27.878][826-827] Judged
3: No such process
Call trace: 
/home/langningc2009/OJ/TestCase.cpp:219 RESULT TEST_CASE::CheckSignal()
/home/langningc2009/OJ/TestCase.cpp:309 RESULT TEST_CASE::ParentProcess()
[0m
[33mW[2023-07-11 19:37:28.048][826-827] Judged
3: No such process
Call trace: 
/home/langningc2009/OJ/TestCase.cpp:219 RESULT TEST_CASE::CheckSignal()
[0m
[33mW[2023-07-11 19:37:28.048][826-827] Judged
3: No such process
Call trace: 
/home/langningc2009/OJ/TestCase.cpp:219 RESULT TEST_CASE::CheckSignal()
/home/langningc2009/OJ/TestCase.cpp:309 RESULT TEST_CASE::ParentProcess()
[0m
[33mW[2023-07-11 19:37:28.211][826-827] Judged
3: No such process
Call trace: 
/home/langningc2009/OJ/TestCase.cpp:219 RESULT TEST_CASE::CheckSignal()
[0m
[33mW[2023-07-11 19:37:28.211][826-827] Judged
3: No such process
Call trace: 
/home/langningc2009/OJ/TestCase.cpp:219 RESULT TEST_CASE::CheckSignal()
/home/langningc2009/OJ/TestCase.cpp:309 RESULT TEST_CASE::ParentProcess()
[0m
[33mW[2023-07-11 19:37:28.378][826-827] Judged
3: No such process
Call trace: 
/home/langningc2009/OJ/TestCase.cpp:219 RESULT TEST_CASE::CheckSignal()
[0m
[33mW[2023-07-11 19:37:28.378][826-827] Judged
3: No such process
Call trace: 
/home/langningc2009/OJ/TestCase.cpp:219 RESULT TEST_CASE::CheckSignal()
/home/langningc2009/OJ/TestCase.cpp:309 RESULT TEST_CASE::ParentProcess()
[0m
[33mW[2023-07-11 19:37:28.497][826-827] Judged
3: No such process
Call trace: 
/home/langningc2009/OJ/TestCase.cpp:219 RESULT TEST_CASE::CheckSignal()
[0m
[33mW[2023-07-11 19:37:28.497][826-827] Judged
3: No such process
Call trace: 
/home/langningc2009/OJ/TestCase.cpp:219 RESULT TEST_CASE::CheckSignal()
/home/langningc2009/OJ/TestCase.cpp:309 RESULT TEST_CASE::ParentProcess()
[0m
[33mW[2023-07-11 19:37:28.628][826-827] Judged
3: No such process
Call trace: 
/home/langningc2009/OJ/TestCase.cpp:219 RESULT TEST_CASE::CheckSignal()
[0m
[33mW[2023-07-11 19:37:28.628][826-827] Judged
3: No such process
Call trace: 
/home/langningc2009/OJ/TestCase.cpp:219 RESULT TEST_CASE::CheckSignal()
/home/langningc2009/OJ/TestCase.cpp:309 RESULT TEST_CASE::ParentProcess()
[0m
[33mW[2023-07-11 19:37:28.739][826-827] Judged
3: No such process
Call trace: 
/home/langningc2009/OJ/TestCase.cpp:219 RESULT TEST_CASE::CheckSignal()
[0m
[33mW[2023-07-11 19:37:28.739][826-827] Judged
3: No such process
Call trace: 
/home/langningc2009/OJ/TestCase.cpp:219 RESULT TEST_CASE::CheckSignal()
/home/langningc2009/OJ/TestCase.cpp:309 RESULT TEST_CASE::ParentProcess()
[0m
[33mW[2023-07-11 19:37:28.872][826-827] Judged
3: No such process
Call trace: 
/home/langningc2009/OJ/TestCase.cpp:219 RESULT TEST_CASE::CheckSignal()
[0m
[33mW[2023-07-11 19:37:28.872][826-827] Judged
3: No such process
Call trace: 
/home/langningc2009/OJ/TestCase.cpp:219 RESULT TEST_CASE::CheckSignal()
/home/langningc2009/OJ/TestCase.cpp:309 RESULT TEST_CASE::ParentProcess()
[0m
[33mW[2023-07-11 19:37:29.060][826-827] Judged
3: No such process
Call trace: 
/home/langningc2009/OJ/TestCase.cpp:219 RESULT TEST_CASE::CheckSignal()
[0m
[33mW[2023-07-11 19:37:29.060][826-827] Judged
3: No such process
Call trace: 
/home/langningc2009/OJ/TestCase.cpp:219 RESULT TEST_CASE::CheckSignal()
/home/langningc2009/OJ/TestCase.cpp:309 RESULT TEST_CASE::ParentProcess()
[0m
[33mW[2023-07-11 19:37:29.197][826-827] Judged
3: No such process
Call trace: 
/home/langningc2009/OJ/TestCase.cpp:219 RESULT TEST_CASE::CheckSignal()
[0m
[33mW[2023-07-11 19:37:29.198][826-827] Judged
3: No such process
Call trace: 
/home/langningc2009/OJ/TestCase.cpp:219 RESULT TEST_CASE::CheckSignal()
/home/langningc2009/OJ/TestCase.cpp:309 RESULT TEST_CASE::ParentProcess()
[0m
[33mW[2023-07-11 19:37:29.311][826-827] Judged
3: No such process
Call trace: 
/home/langningc2009/OJ/TestCase.cpp:219 RESULT TEST_CASE::CheckSignal()
[0m
[33mW[2023-07-11 19:37:29.311][826-827] Judged
3: No such process
Call trace: 
/home/langningc2009/OJ/TestCase.cpp:219 RESULT TEST_CASE::CheckSignal()
/home/langningc2009/OJ/TestCase.cpp:309 RESULT TEST_CASE::ParentProcess()
[0m
[33mW[2023-07-11 19:37:29.482][826-827] Judged
3: No such process
Call trace: 
/home/langningc2009/OJ/TestCase.cpp:219 RESULT TEST_CASE::CheckSignal()
[0m
[33mW[2023-07-11 19:37:29.482][826-827] Judged
3: No such process
Call trace: 
/home/langningc2009/OJ/TestCase.cpp:219 RESULT TEST_CASE::CheckSignal()
/home/langningc2009/OJ/TestCase.cpp:309 RESULT TEST_CASE::ParentProcess()
[0m
[33mW[2023-07-11 19:37:29.702][826-827] Judged
3: No such process
Call trace: 
/home/langningc2009/OJ/TestCase.cpp:219 RESULT TEST_CASE::CheckSignal()
[0m
[33mW[2023-07-11 19:37:29.702][826-827] Judged
3: No such process
Call trace: 
/home/langningc2009/OJ/TestCase.cpp:219 RESULT TEST_CASE::CheckSignal()
/home/langningc2009/OJ/TestCase.cpp:309 RESULT TEST_CASE::ParentProcess()
[0m
[33mW[2023-07-11 19:37:29.882][826-827] Judged
3: No such process
Call trace: 
/home/langningc2009/OJ/TestCase.cpp:219 RESULT TEST_CASE::CheckSignal()
[0m
[33mW[2023-07-11 19:37:29.883][826-827] Judged
3: No such process
Call trace: 
/home/langningc2009/OJ/TestCase.cpp:219 RESULT TEST_CASE::CheckSignal()
/home/langningc2009/OJ/TestCase.cpp:309 RESULT TEST_CASE::ParentProcess()
[0m
[33mW[2023-07-11 19:37:30.035][826-827] Judged
3: No such process
Call trace: 
/home/langningc2009/OJ/TestCase.cpp:219 RESULT TEST_CASE::CheckSignal()
[0m
[33mW[2023-07-11 19:37:30.035][826-827] Judged
3: No such process
Call trace: 
/home/langningc2009/OJ/TestCase.cpp:219 RESULT TEST_CASE::CheckSignal()
/home/langningc2009/OJ/TestCase.cpp:309 RESULT TEST_CASE::ParentProcess()
[0m
[33mW[2023-07-11 19:37:30.203][826-827] Judged
3: No such process
Call trace: 
/home/langningc2009/OJ/TestCase.cpp:219 RESULT TEST_CASE::CheckSignal()
[0m
[33mW[2023-07-11 19:37:30.203][826-827] Judged
3: No such process
Call trace: 
/home/langningc2009/OJ/TestCase.cpp:219 RESULT TEST_CASE::CheckSignal()
/home/langningc2009/OJ/TestCase.cpp:309 RESULT TEST_CASE::ParentProcess()
[0m
[33mW[2023-07-11 19:37:30.421][826-827] Judged
3: No such process
Call trace: 
/home/langningc2009/OJ/TestCase.cpp:219 RESULT TEST_CASE::CheckSignal()
[0m
[33mW[2023-07-11 19:37:30.421][826-827] Judged
3: No such process
Call trace: 
/home/langningc2009/OJ/TestCase.cpp:219 RESULT TEST_CASE::CheckSignal()
/home/langningc2009/OJ/TestCase.cpp:309 RESULT TEST_CASE::ParentProcess()
[0m
[33mW[2023-07-11 19:37:30.554][826-827] Judged
3: No such process
Call trace: 
/home/langningc2009/OJ/TestCase.cpp:219 RESULT TEST_CASE::CheckSignal()
[0m
[33mW[2023-07-11 19:37:30.554][826-827] Judged
3: No such process
Call trace: 
/home/langningc2009/OJ/TestCase.cpp:219 RESULT TEST_CASE::CheckSignal()
/home/langningc2009/OJ/TestCase.cpp:309 RESULT TEST_CASE::ParentProcess()
[0m
[33mW[2023-07-11 19:37:30.669][826-827] Judged
3: No such process
Call trace: 
/home/langningc2009/OJ/TestCase.cpp:219 RESULT TEST_CASE::CheckSignal()
[0m
[33mW[2023-07-11 19:37:30.669][826-827] Judged
3: No such process
Call trace: 
/home/langningc2009/OJ/TestCase.cpp:219 RESULT TEST_CASE::CheckSignal()
/home/langningc2009/OJ/TestCase.cpp:309 RESULT TEST_CASE::ParentProcess()
[0m
[33mW[2023-07-11 19:37:30.785][826-827] Judged
3: No such process
Call trace: 
/home/langningc2009/OJ/TestCase.cpp:219 RESULT TEST_CASE::CheckSignal()
[0m
[33mW[2023-07-11 19:37:30.785][826-827] Judged
3: No such process
Call trace: 
/home/langningc2009/OJ/TestCase.cpp:219 RESULT TEST_CASE::CheckSignal()
/home/langningc2009/OJ/TestCase.cpp:309 RESULT TEST_CASE::ParentProcess()
[0m
[33mW[2023-07-11 19:37:30.896][826-827] Judged
3: No such process
Call trace: 
/home/langningc2009/OJ/TestCase.cpp:219 RESULT TEST_CASE::CheckSignal()
[0m
[33mW[2023-07-11 19:37:30.896][826-827] Judged
3: No such process
Call trace: 
/home/langningc2009/OJ/TestCase.cpp:219 RESULT TEST_CASE::CheckSignal()
/home/langningc2009/OJ/TestCase.cpp:309 RESULT TEST_CASE::ParentProcess()
[0m
[33mW[2023-07-11 19:37:30.997][826-827] Judged
3: No such process
Call trace: 
/home/langningc2009/OJ/TestCase.cpp:219 RESULT TEST_CASE::CheckSignal()
[0m
[33mW[2023-07-11 19:37:30.997][826-827] Judged
3: No such process
Call trace: 
/home/langningc2009/OJ/TestCase.cpp:219 RESULT TEST_CASE::CheckSignal()
/home/langningc2009/OJ/TestCase.cpp:309 RESULT TEST_CASE::ParentProcess()
[0m
[33mW[2023-07-11 19:37:31.093][826-827] Judged
3: No such process
Call trace: 
/home/langningc2009/OJ/TestCase.cpp:219 RESULT TEST_CASE::CheckSignal()
[0m
[33mW[2023-07-11 19:37:31.093][826-827] Judged
3: No such process
Call trace: 
/home/langningc2009/OJ/TestCase.cpp:219 RESULT TEST_CASE::CheckSignal()
/home/langningc2009/OJ/TestCase.cpp:309 RESULT TEST_CASE::ParentProcess()
[0m
[33mW[2023-07-11 19:37:31.213][826-827] Judged
3: No such process
Call trace: 
/home/langningc2009/OJ/TestCase.cpp:219 RESULT TEST_CASE::CheckSignal()
[0m
[33mW[2023-07-11 19:37:31.214][826-827] Judged
3: No such process
Call trace: 
/home/langningc2009/OJ/TestCase.cpp:219 RESULT TEST_CASE::CheckSignal()
/home/langningc2009/OJ/TestCase.cpp:309 RESULT TEST_CASE::ParentProcess()
[0m
[33mW[2023-07-11 19:37:31.356][826-827] Judged
3: No such process
Call trace: 
/home/langningc2009/OJ/TestCase.cpp:219 RESULT TEST_CASE::CheckSignal()
[0m
[33mW[2023-07-11 19:37:31.356][826-827] Judged
3: No such process
Call trace: 
/home/langningc2009/OJ/TestCase.cpp:219 RESULT TEST_CASE::CheckSignal()
/home/langningc2009/OJ/TestCase.cpp:309 RESULT TEST_CASE::ParentProcess()
[0m
[33mW[2023-07-11 19:37:31.467][826-827] Judged
3: No such process
Call trace: 
/home/langningc2009/OJ/TestCase.cpp:219 RESULT TEST_CASE::CheckSignal()
[0m
[33mW[2023-07-11 19:37:31.467][826-827] Judged
3: No such process
Call trace: 
/home/langningc2009/OJ/TestCase.cpp:219 RESULT TEST_CASE::CheckSignal()
/home/langningc2009/OJ/TestCase.cpp:309 RESULT TEST_CASE::ParentProcess()
[0m
[33mW[2023-07-11 19:37:31.582][826-827] Judged
3: No such process
Call trace: 
/home/langningc2009/OJ/TestCase.cpp:219 RESULT TEST_CASE::CheckSignal()
[0m
[33mW[2023-07-11 19:37:31.582][826-827] Judged
3: No such process
Call trace: 
/home/langningc2009/OJ/TestCase.cpp:219 RESULT TEST_CASE::CheckSignal()
/home/langningc2009/OJ/TestCase.cpp:309 RESULT TEST_CASE::ParentProcess()
[0m
[33mW[2023-07-11 19:38:04.930][826-827] The system call is banned
3: No such process
Call trace: 
/home/langningc2009/OJ/TestCase.cpp:295 RESULT TEST_CASE::CheckSystemCall()
[0m
[33mW[2023-07-11 19:38:04.930][826-827] The system call is banned
3: No such process
Call trace: 
/home/langningc2009/OJ/TestCase.cpp:295 RESULT TEST_CASE::CheckSystemCall()
/home/langningc2009/OJ/TestCase.cpp:311 RESULT TEST_CASE::ParentProcess()
[0m
[33mW[2023-07-11 19:38:05.107][826-827] The system call is banned
3: No such process
Call trace: 
/home/langningc2009/OJ/TestCase.cpp:295 RESULT TEST_CASE::CheckSystemCall()
[0m
[33mW[2023-07-11 19:38:05.107][826-827] The system call is banned
3: No such process
Call trace: 
/home/langningc2009/OJ/TestCase.cpp:295 RESULT TEST_CASE::CheckSystemCall()
/home/langningc2009/OJ/TestCase.cpp:311 RESULT TEST_CASE::ParentProcess()
[0m
[33mW[2023-07-11 19:38:05.264][826-827] Judged
3: No such process
Call trace: 
/home/langningc2009/OJ/TestCase.cpp:219 RESULT TEST_CASE::CheckSignal()
[0m
[33mW[2023-07-11 19:38:05.264][826-827] Judged
3: No such process
Call trace: 
/home/langningc2009/OJ/TestCase.cpp:219 RESULT TEST_CASE::CheckSignal()
/home/langningc2009/OJ/TestCase.cpp:309 RESULT TEST_CASE::ParentProcess()
[0m
[33mW[2023-07-11 19:38:05.384][826-827] The system call is banned
3: No such process
Call trace: 
/home/langningc2009/OJ/TestCase.cpp:295 RESULT TEST_CASE::CheckSystemCall()
[0m
[33mW[2023-07-11 19:38:05.384][826-827] The system call is banned
3: No such process
Call trace: 
/home/langningc2009/OJ/TestCase.cpp:295 RESULT TEST_CASE::CheckSystemCall()
/home/langningc2009/OJ/TestCase.cpp:311 RESULT TEST_CASE::ParentProcess()
[0m
[33mW[2023-07-11 19:38:05.521][826-827] The system call is banned
3: No such process
Call trace: 
/home/langningc2009/OJ/TestCase.cpp:295 RESULT TEST_CASE::CheckSystemCall()
[0m
[33mW[2023-07-11 19:38:05.522][826-827] The system call is banned
3: No such process
Call trace: 
/home/langningc2009/OJ/TestCase.cpp:295 RESULT TEST_CASE::CheckSystemCall()
/home/langningc2009/OJ/TestCase.cpp:311 RESULT TEST_CASE::ParentProcess()
[0m
[33mW[2023-07-11 19:38:05.764][826-827] Judged
3: No such process
Call trace: 
/home/langningc2009/OJ/TestCase.cpp:219 RESULT TEST_CASE::CheckSignal()
[0m
[33mW[2023-07-11 19:38:05.764][826-827] Judged
3: No such process
Call trace: 
/home/langningc2009/OJ/TestCase.cpp:219 RESULT TEST_CASE::CheckSignal()
/home/langningc2009/OJ/TestCase.cpp:309 RESULT TEST_CASE::ParentProcess()
[0m
[33mW[2023-07-11 19:38:05.871][826-827] The system call is banned
3: No such process
Call trace: 
/home/langningc2009/OJ/TestCase.cpp:295 RESULT TEST_CASE::CheckSystemCall()
[0m
[33mW[2023-07-11 19:38:05.871][826-827] The system call is banned
3: No such process
Call trace: 
/home/langningc2009/OJ/TestCase.cpp:295 RESULT TEST_CASE::CheckSystemCall()
/home/langningc2009/OJ/TestCase.cpp:311 RESULT TEST_CASE::ParentProcess()
[0m
[33mW[2023-07-11 19:38:05.966][826-827] The system call is banned
3: No such process
Call trace: 
/home/langningc2009/OJ/TestCase.cpp:295 RESULT TEST_CASE::CheckSystemCall()
[0m
[33mW[2023-07-11 19:38:05.967][826-827] The system call is banned
3: No such process
Call trace: 
/home/langningc2009/OJ/TestCase.cpp:295 RESULT TEST_CASE::CheckSystemCall()
/home/langningc2009/OJ/TestCase.cpp:311 RESULT TEST_CASE::ParentProcess()
[0m
[33mW[2023-07-11 19:38:06.069][826-827] The system call is banned
3: No such process
Call trace: 
/home/langningc2009/OJ/TestCase.cpp:295 RESULT TEST_CASE::CheckSystemCall()
[0m
[33mW[2023-07-11 19:38:06.070][826-827] The system call is banned
3: No such process
Call trace: 
/home/langningc2009/OJ/TestCase.cpp:295 RESULT TEST_CASE::CheckSystemCall()
/home/langningc2009/OJ/TestCase.cpp:311 RESULT TEST_CASE::ParentProcess()
[0m
[33mW[2023-07-11 19:38:06.189][826-827] The system call is banned
3: No such process
Call trace: 
/home/langningc2009/OJ/TestCase.cpp:295 RESULT TEST_CASE::CheckSystemCall()
[0m
[33mW[2023-07-11 19:38:06.189][826-827] The system call is banned
3: No such process
Call trace: 
/home/langningc2009/OJ/TestCase.cpp:295 RESULT TEST_CASE::CheckSystemCall()
/home/langningc2009/OJ/TestCase.cpp:311 RESULT TEST_CASE::ParentProcess()
[0m
[33mW[2023-07-11 19:38:06.298][826-827] The system call is banned
3: No such process
Call trace: 
/home/langningc2009/OJ/TestCase.cpp:295 RESULT TEST_CASE::CheckSystemCall()
[0m
[33mW[2023-07-11 19:38:06.298][826-827] The system call is banned
3: No such process
Call trace: 
/home/langningc2009/OJ/TestCase.cpp:295 RESULT TEST_CASE::CheckSystemCall()
/home/langningc2009/OJ/TestCase.cpp:311 RESULT TEST_CASE::ParentProcess()
[0m
[33mW[2023-07-11 19:38:06.397][826-827] The system call is banned
3: No such process
Call trace: 
/home/langningc2009/OJ/TestCase.cpp:295 RESULT TEST_CASE::CheckSystemCall()
[0m
[33mW[2023-07-11 19:38:06.397][826-827] The system call is banned
3: No such process
Call trace: 
/home/langningc2009/OJ/TestCase.cpp:295 RESULT TEST_CASE::CheckSystemCall()
/home/langningc2009/OJ/TestCase.cpp:311 RESULT TEST_CASE::ParentProcess()
[0m
[33mW[2023-07-11 19:38:06.499][826-827] The system call is banned
3: No such process
Call trace: 
/home/langningc2009/OJ/TestCase.cpp:295 RESULT TEST_CASE::CheckSystemCall()
[0m
[33mW[2023-07-11 19:38:06.499][826-827] The system call is banned
3: No such process
Call trace: 
/home/langningc2009/OJ/TestCase.cpp:295 RESULT TEST_CASE::CheckSystemCall()
/home/langningc2009/OJ/TestCase.cpp:311 RESULT TEST_CASE::ParentProcess()
[0m
[33mW[2023-07-11 19:38:06.613][826-827] The system call is banned
3: No such process
Call trace: 
/home/langningc2009/OJ/TestCase.cpp:295 RESULT TEST_CASE::CheckSystemCall()
[0m
[33mW[2023-07-11 19:38:06.613][826-827] The system call is banned
3: No such process
Call trace: 
/home/langningc2009/OJ/TestCase.cpp:295 RESULT TEST_CASE::CheckSystemCall()
/home/langningc2009/OJ/TestCase.cpp:311 RESULT TEST_CASE::ParentProcess()
[0m
[33mW[2023-07-11 19:38:06.749][826-827] The system call is banned
3: No such process
Call trace: 
/home/langningc2009/OJ/TestCase.cpp:295 RESULT TEST_CASE::CheckSystemCall()
[0m
[33mW[2023-07-11 19:38:06.749][826-827] The system call is banned
3: No such process
Call trace: 
/home/langningc2009/OJ/TestCase.cpp:295 RESULT TEST_CASE::CheckSystemCall()
/home/langningc2009/OJ/TestCase.cpp:311 RESULT TEST_CASE::ParentProcess()
[0m
[33mW[2023-07-11 19:38:06.879][826-827] Judged
3: No such process
Call trace: 
/home/langningc2009/OJ/TestCase.cpp:219 RESULT TEST_CASE::CheckSignal()
[0m
[33mW[2023-07-11 19:38:06.879][826-827] Judged
3: No such process
Call trace: 
/home/langningc2009/OJ/TestCase.cpp:219 RESULT TEST_CASE::CheckSignal()
/home/langningc2009/OJ/TestCase.cpp:309 RESULT TEST_CASE::ParentProcess()
[0m
[33mW[2023-07-11 19:38:06.973][826-827] The system call is banned
3: No such process
Call trace: 
/home/langningc2009/OJ/TestCase.cpp:295 RESULT TEST_CASE::CheckSystemCall()
[0m
[33mW[2023-07-11 19:38:06.973][826-827] The system call is banned
3: No such process
Call trace: 
/home/langningc2009/OJ/TestCase.cpp:295 RESULT TEST_CASE::CheckSystemCall()
/home/langningc2009/OJ/TestCase.cpp:311 RESULT TEST_CASE::ParentProcess()
[0m
[33mW[2023-07-11 19:38:07.076][826-827] Judged
3: No such process
Call trace: 
/home/langningc2009/OJ/TestCase.cpp:219 RESULT TEST_CASE::CheckSignal()
[0m
[33mW[2023-07-11 19:38:07.076][826-827] Judged
3: No such process
Call trace: 
/home/langningc2009/OJ/TestCase.cpp:219 RESULT TEST_CASE::CheckSignal()
/home/langningc2009/OJ/TestCase.cpp:309 RESULT TEST_CASE::ParentProcess()
[0m
[33mW[2023-07-11 19:38:07.176][826-827] The system call is banned
3: No such process
Call trace: 
/home/langningc2009/OJ/TestCase.cpp:295 RESULT TEST_CASE::CheckSystemCall()
[0m
[33mW[2023-07-11 19:38:07.177][826-827] The system call is banned
3: No such process
Call trace: 
/home/langningc2009/OJ/TestCase.cpp:295 RESULT TEST_CASE::CheckSystemCall()
/home/langningc2009/OJ/TestCase.cpp:311 RESULT TEST_CASE::ParentProcess()
[0m
[33mW[2023-07-11 19:38:07.276][826-827] The system call is banned
3: No such process
Call trace: 
/home/langningc2009/OJ/TestCase.cpp:295 RESULT TEST_CASE::CheckSystemCall()
[0m
[33mW[2023-07-11 19:38:07.276][826-827] The system call is banned
3: No such process
Call trace: 
/home/langningc2009/OJ/TestCase.cpp:295 RESULT TEST_CASE::CheckSystemCall()
/home/langningc2009/OJ/TestCase.cpp:311 RESULT TEST_CASE::ParentProcess()
[0m
[33mW[2023-07-11 19:38:07.371][826-827] The system call is banned
3: No such process
Call trace: 
/home/langningc2009/OJ/TestCase.cpp:295 RESULT TEST_CASE::CheckSystemCall()
[0m
[33mW[2023-07-11 19:38:07.371][826-827] The system call is banned
3: No such process
Call trace: 
/home/langningc2009/OJ/TestCase.cpp:295 RESULT TEST_CASE::CheckSystemCall()
/home/langningc2009/OJ/TestCase.cpp:311 RESULT TEST_CASE::ParentProcess()
[0m
[33mW[2023-07-11 19:38:07.461][826-827] The system call is banned
3: No such process
Call trace: 
/home/langningc2009/OJ/TestCase.cpp:295 RESULT TEST_CASE::CheckSystemCall()
[0m
[33mW[2023-07-11 19:38:07.461][826-827] The system call is banned
3: No such process
Call trace: 
/home/langningc2009/OJ/TestCase.cpp:295 RESULT TEST_CASE::CheckSystemCall()
/home/langningc2009/OJ/TestCase.cpp:311 RESULT TEST_CASE::ParentProcess()
[0m
[33mW[2023-07-11 19:38:07.570][826-827] Judged
3: No such process
Call trace: 
/home/langningc2009/OJ/TestCase.cpp:219 RESULT TEST_CASE::CheckSignal()
[0m
[33mW[2023-07-11 19:38:07.570][826-827] Judged
3: No such process
Call trace: 
/home/langningc2009/OJ/TestCase.cpp:219 RESULT TEST_CASE::CheckSignal()
/home/langningc2009/OJ/TestCase.cpp:309 RESULT TEST_CASE::ParentProcess()
[0m
[33mW[2023-07-11 19:38:07.724][826-827] Judged
3: No such process
Call trace: 
/home/langningc2009/OJ/TestCase.cpp:219 RESULT TEST_CASE::CheckSignal()
[0m
[33mW[2023-07-11 19:38:07.724][826-827] Judged
3: No such process
Call trace: 
/home/langningc2009/OJ/TestCase.cpp:219 RESULT TEST_CASE::CheckSignal()
/home/langningc2009/OJ/TestCase.cpp:309 RESULT TEST_CASE::ParentProcess()
[0m
[33mW[2023-07-11 19:38:07.868][826-827] Judged
3: No such process
Call trace: 
/home/langningc2009/OJ/TestCase.cpp:219 RESULT TEST_CASE::CheckSignal()
[0m
[33mW[2023-07-11 19:38:07.868][826-827] Judged
3: No such process
Call trace: 
/home/langningc2009/OJ/TestCase.cpp:219 RESULT TEST_CASE::CheckSignal()
/home/langningc2009/OJ/TestCase.cpp:309 RESULT TEST_CASE::ParentProcess()
[0m
[33mW[2023-07-11 19:38:07.993][826-827] Judged
3: No such process
Call trace: 
/home/langningc2009/OJ/TestCase.cpp:219 RESULT TEST_CASE::CheckSignal()
[0m
[33mW[2023-07-11 19:38:07.993][826-827] Judged
3: No such process
Call trace: 
/home/langningc2009/OJ/TestCase.cpp:219 RESULT TEST_CASE::CheckSignal()
/home/langningc2009/OJ/TestCase.cpp:309 RESULT TEST_CASE::ParentProcess()
[0m
[33mW[2023-07-11 19:38:08.113][826-827] Judged
3: No such process
Call trace: 
/home/langningc2009/OJ/TestCase.cpp:219 RESULT TEST_CASE::CheckSignal()
[0m
[33mW[2023-07-11 19:38:08.113][826-827] Judged
3: No such process
Call trace: 
/home/langningc2009/OJ/TestCase.cpp:219 RESULT TEST_CASE::CheckSignal()
/home/langningc2009/OJ/TestCase.cpp:309 RESULT TEST_CASE::ParentProcess()
[0m
[33mW[2023-07-11 19:38:08.234][826-827] The system call is banned
3: No such process
Call trace: 
/home/langningc2009/OJ/TestCase.cpp:295 RESULT TEST_CASE::CheckSystemCall()
[0m
[33mW[2023-07-11 19:38:08.234][826-827] The system call is banned
3: No such process
Call trace: 
/home/langningc2009/OJ/TestCase.cpp:295 RESULT TEST_CASE::CheckSystemCall()
/home/langningc2009/OJ/TestCase.cpp:311 RESULT TEST_CASE::ParentProcess()
[0m
[33mW[2023-07-11 19:38:08.348][826-827] The system call is banned
3: No such process
Call trace: 
/home/langningc2009/OJ/TestCase.cpp:295 RESULT TEST_CASE::CheckSystemCall()
[0m
[33mW[2023-07-11 19:38:08.348][826-827] The system call is banned
3: No such process
Call trace: 
/home/langningc2009/OJ/TestCase.cpp:295 RESULT TEST_CASE::CheckSystemCall()
/home/langningc2009/OJ/TestCase.cpp:311 RESULT TEST_CASE::ParentProcess()
[0m
[33mW[2023-07-11 19:38:08.501][826-827] The system call is banned
3: No such process
Call trace: 
/home/langningc2009/OJ/TestCase.cpp:295 RESULT TEST_CASE::CheckSystemCall()
[0m
[33mW[2023-07-11 19:38:08.501][826-827] The system call is banned
3: No such process
Call trace: 
/home/langningc2009/OJ/TestCase.cpp:295 RESULT TEST_CASE::CheckSystemCall()
/home/langningc2009/OJ/TestCase.cpp:311 RESULT TEST_CASE::ParentProcess()
[0m
[33mW[2023-07-11 19:40:00.635][826-827] The system call is banned
3: No such process
Call trace: 
/home/langningc2009/OJ/TestCase.cpp:295 RESULT TEST_CASE::CheckSystemCall()
[0m
[33mW[2023-07-11 19:40:00.635][826-827] The system call is banned
3: No such process
Call trace: 
/home/langningc2009/OJ/TestCase.cpp:295 RESULT TEST_CASE::CheckSystemCall()
/home/langningc2009/OJ/TestCase.cpp:311 RESULT TEST_CASE::ParentProcess()
[0m
[33mW[2023-07-11 19:40:00.738][826-827] The system call is banned
3: No such process
Call trace: 
/home/langningc2009/OJ/TestCase.cpp:295 RESULT TEST_CASE::CheckSystemCall()
[0m
[33mW[2023-07-11 19:40:00.738][826-827] The system call is banned
3: No such process
Call trace: 
/home/langningc2009/OJ/TestCase.cpp:295 RESULT TEST_CASE::CheckSystemCall()
/home/langningc2009/OJ/TestCase.cpp:311 RESULT TEST_CASE::ParentProcess()
[0m
[33mW[2023-07-11 19:40:00.833][826-827] Judged
3: No such process
Call trace: 
/home/langningc2009/OJ/TestCase.cpp:219 RESULT TEST_CASE::CheckSignal()
[0m
[33mW[2023-07-11 19:40:00.833][826-827] Judged
3: No such process
Call trace: 
/home/langningc2009/OJ/TestCase.cpp:219 RESULT TEST_CASE::CheckSignal()
/home/langningc2009/OJ/TestCase.cpp:309 RESULT TEST_CASE::ParentProcess()
[0m
[33mW[2023-07-11 19:40:00.940][826-827] The system call is banned
3: No such process
Call trace: 
/home/langningc2009/OJ/TestCase.cpp:295 RESULT TEST_CASE::CheckSystemCall()
[0m
[33mW[2023-07-11 19:40:00.940][826-827] The system call is banned
3: No such process
Call trace: 
/home/langningc2009/OJ/TestCase.cpp:295 RESULT TEST_CASE::CheckSystemCall()
/home/langningc2009/OJ/TestCase.cpp:311 RESULT TEST_CASE::ParentProcess()
[0m
[33mW[2023-07-11 19:40:01.039][826-827] The system call is banned
3: No such process
Call trace: 
/home/langningc2009/OJ/TestCase.cpp:295 RESULT TEST_CASE::CheckSystemCall()
[0m
[33mW[2023-07-11 19:40:01.039][826-827] The system call is banned
3: No such process
Call trace: 
/home/langningc2009/OJ/TestCase.cpp:295 RESULT TEST_CASE::CheckSystemCall()
/home/langningc2009/OJ/TestCase.cpp:311 RESULT TEST_CASE::ParentProcess()
[0m
[33mW[2023-07-11 19:40:01.139][826-827] Judged
3: No such process
Call trace: 
/home/langningc2009/OJ/TestCase.cpp:219 RESULT TEST_CASE::CheckSignal()
[0m
[33mW[2023-07-11 19:40:01.139][826-827] Judged
3: No such process
Call trace: 
/home/langningc2009/OJ/TestCase.cpp:219 RESULT TEST_CASE::CheckSignal()
/home/langningc2009/OJ/TestCase.cpp:309 RESULT TEST_CASE::ParentProcess()
[0m
[33mW[2023-07-11 19:40:01.279][826-827] The system call is banned
3: No such process
Call trace: 
/home/langningc2009/OJ/TestCase.cpp:295 RESULT TEST_CASE::CheckSystemCall()
[0m
[33mW[2023-07-11 19:40:01.279][826-827] The system call is banned
3: No such process
Call trace: 
/home/langningc2009/OJ/TestCase.cpp:295 RESULT TEST_CASE::CheckSystemCall()
/home/langningc2009/OJ/TestCase.cpp:311 RESULT TEST_CASE::ParentProcess()
[0m
[33mW[2023-07-11 19:40:01.378][826-827] The system call is banned
3: No such process
Call trace: 
/home/langningc2009/OJ/TestCase.cpp:295 RESULT TEST_CASE::CheckSystemCall()
[0m
[33mW[2023-07-11 19:40:01.378][826-827] The system call is banned
3: No such process
Call trace: 
/home/langningc2009/OJ/TestCase.cpp:295 RESULT TEST_CASE::CheckSystemCall()
/home/langningc2009/OJ/TestCase.cpp:311 RESULT TEST_CASE::ParentProcess()
[0m
[33mW[2023-07-11 19:40:01.476][826-827] The system call is banned
3: No such process
Call trace: 
/home/langningc2009/OJ/TestCase.cpp:295 RESULT TEST_CASE::CheckSystemCall()
[0m
[33mW[2023-07-11 19:40:01.476][826-827] The system call is banned
3: No such process
Call trace: 
/home/langningc2009/OJ/TestCase.cpp:295 RESULT TEST_CASE::CheckSystemCall()
/home/langningc2009/OJ/TestCase.cpp:311 RESULT TEST_CASE::ParentProcess()
[0m
[33mW[2023-07-11 19:40:01.579][826-827] Judged
3: No such process
Call trace: 
/home/langningc2009/OJ/TestCase.cpp:219 RESULT TEST_CASE::CheckSignal()
[0m
[33mW[2023-07-11 19:40:01.579][826-827] Judged
3: No such process
Call trace: 
/home/langningc2009/OJ/TestCase.cpp:219 RESULT TEST_CASE::CheckSignal()
/home/langningc2009/OJ/TestCase.cpp:309 RESULT TEST_CASE::ParentProcess()
[0m
[33mW[2023-07-11 19:40:01.692][826-827] Judged
3: No such process
Call trace: 
/home/langningc2009/OJ/TestCase.cpp:219 RESULT TEST_CASE::CheckSignal()
[0m
[33mW[2023-07-11 19:40:01.692][826-827] Judged
3: No such process
Call trace: 
/home/langningc2009/OJ/TestCase.cpp:219 RESULT TEST_CASE::CheckSignal()
/home/langningc2009/OJ/TestCase.cpp:309 RESULT TEST_CASE::ParentProcess()
[0m
[33mW[2023-07-11 19:40:01.846][826-827] Judged
3: No such process
Call trace: 
/home/langningc2009/OJ/TestCase.cpp:219 RESULT TEST_CASE::CheckSignal()
[0m
[33mW[2023-07-11 19:40:01.846][826-827] Judged
3: No such process
Call trace: 
/home/langningc2009/OJ/TestCase.cpp:219 RESULT TEST_CASE::CheckSignal()
/home/langningc2009/OJ/TestCase.cpp:309 RESULT TEST_CASE::ParentProcess()
[0m
[33mW[2023-07-11 19:40:01.960][826-827] Judged
3: No such process
Call trace: 
/home/langningc2009/OJ/TestCase.cpp:219 RESULT TEST_CASE::CheckSignal()
[0m
[33mW[2023-07-11 19:40:01.961][826-827] Judged
3: No such process
Call trace: 
/home/langningc2009/OJ/TestCase.cpp:219 RESULT TEST_CASE::CheckSignal()
/home/langningc2009/OJ/TestCase.cpp:309 RESULT TEST_CASE::ParentProcess()
[0m
[33mW[2023-07-11 19:40:02.068][826-827] Judged
3: No such process
Call trace: 
/home/langningc2009/OJ/TestCase.cpp:219 RESULT TEST_CASE::CheckSignal()
[0m
[33mW[2023-07-11 19:40:02.068][826-827] Judged
3: No such process
Call trace: 
/home/langningc2009/OJ/TestCase.cpp:219 RESULT TEST_CASE::CheckSignal()
/home/langningc2009/OJ/TestCase.cpp:309 RESULT TEST_CASE::ParentProcess()
[0m
[33mW[2023-07-11 19:40:02.182][826-827] The system call is banned
3: No such process
Call trace: 
/home/langningc2009/OJ/TestCase.cpp:295 RESULT TEST_CASE::CheckSystemCall()
[0m
[33mW[2023-07-11 19:40:02.182][826-827] The system call is banned
3: No such process
Call trace: 
/home/langningc2009/OJ/TestCase.cpp:295 RESULT TEST_CASE::CheckSystemCall()
/home/langningc2009/OJ/TestCase.cpp:311 RESULT TEST_CASE::ParentProcess()
[0m
[33mW[2023-07-11 19:40:02.296][826-827] Judged
3: No such process
Call trace: 
/home/langningc2009/OJ/TestCase.cpp:219 RESULT TEST_CASE::CheckSignal()
[0m
[33mW[2023-07-11 19:40:02.296][826-827] Judged
3: No such process
Call trace: 
/home/langningc2009/OJ/TestCase.cpp:219 RESULT TEST_CASE::CheckSignal()
/home/langningc2009/OJ/TestCase.cpp:309 RESULT TEST_CASE::ParentProcess()
[0m
[33mW[2023-07-11 19:40:02.442][826-827] Judged
3: No such process
Call trace: 
/home/langningc2009/OJ/TestCase.cpp:219 RESULT TEST_CASE::CheckSignal()
[0m
[33mW[2023-07-11 19:40:02.442][826-827] Judged
3: No such process
Call trace: 
/home/langningc2009/OJ/TestCase.cpp:219 RESULT TEST_CASE::CheckSignal()
/home/langningc2009/OJ/TestCase.cpp:309 RESULT TEST_CASE::ParentProcess()
[0m
[33mW[2023-07-11 19:40:02.563][826-827] The system call is banned
3: No such process
Call trace: 
/home/langningc2009/OJ/TestCase.cpp:295 RESULT TEST_CASE::CheckSystemCall()
[0m
[33mW[2023-07-11 19:40:02.563][826-827] The system call is banned
3: No such process
Call trace: 
/home/langningc2009/OJ/TestCase.cpp:295 RESULT TEST_CASE::CheckSystemCall()
/home/langningc2009/OJ/TestCase.cpp:311 RESULT TEST_CASE::ParentProcess()
[0m
[33mW[2023-07-11 19:40:02.703][826-827] The system call is banned
3: No such process
Call trace: 
/home/langningc2009/OJ/TestCase.cpp:295 RESULT TEST_CASE::CheckSystemCall()
[0m
[33mW[2023-07-11 19:40:02.703][826-827] The system call is banned
3: No such process
Call trace: 
/home/langningc2009/OJ/TestCase.cpp:295 RESULT TEST_CASE::CheckSystemCall()
/home/langningc2009/OJ/TestCase.cpp:311 RESULT TEST_CASE::ParentProcess()
[0m
[33mW[2023-07-11 19:40:02.840][826-827] Judged
3: No such process
Call trace: 
/home/langningc2009/OJ/TestCase.cpp:219 RESULT TEST_CASE::CheckSignal()
[0m
[33mW[2023-07-11 19:40:02.840][826-827] Judged
3: No such process
Call trace: 
/home/langningc2009/OJ/TestCase.cpp:219 RESULT TEST_CASE::CheckSignal()
/home/langningc2009/OJ/TestCase.cpp:309 RESULT TEST_CASE::ParentProcess()
[0m
[33mW[2023-07-11 19:40:02.992][826-827] Judged
3: No such process
Call trace: 
/home/langningc2009/OJ/TestCase.cpp:219 RESULT TEST_CASE::CheckSignal()
[0m
[33mW[2023-07-11 19:40:02.992][826-827] Judged
3: No such process
Call trace: 
/home/langningc2009/OJ/TestCase.cpp:219 RESULT TEST_CASE::CheckSignal()
/home/langningc2009/OJ/TestCase.cpp:309 RESULT TEST_CASE::ParentProcess()
[0m
[33mW[2023-07-11 19:40:03.105][826-827] The system call is banned
3: No such process
Call trace: 
/home/langningc2009/OJ/TestCase.cpp:295 RESULT TEST_CASE::CheckSystemCall()
[0m
[33mW[2023-07-11 19:40:03.105][826-827] The system call is banned
3: No such process
Call trace: 
/home/langningc2009/OJ/TestCase.cpp:295 RESULT TEST_CASE::CheckSystemCall()
/home/langningc2009/OJ/TestCase.cpp:311 RESULT TEST_CASE::ParentProcess()
[0m
[33mW[2023-07-11 19:40:03.208][826-827] Judged
3: No such process
Call trace: 
/home/langningc2009/OJ/TestCase.cpp:219 RESULT TEST_CASE::CheckSignal()
[0m
[33mW[2023-07-11 19:40:03.208][826-827] Judged
3: No such process
Call trace: 
/home/langningc2009/OJ/TestCase.cpp:219 RESULT TEST_CASE::CheckSignal()
/home/langningc2009/OJ/TestCase.cpp:309 RESULT TEST_CASE::ParentProcess()
[0m
[33mW[2023-07-11 19:40:03.349][826-827] Judged
3: No such process
Call trace: 
/home/langningc2009/OJ/TestCase.cpp:219 RESULT TEST_CASE::CheckSignal()
[0m
[33mW[2023-07-11 19:40:03.349][826-827] Judged
3: No such process
Call trace: 
/home/langningc2009/OJ/TestCase.cpp:219 RESULT TEST_CASE::CheckSignal()
/home/langningc2009/OJ/TestCase.cpp:309 RESULT TEST_CASE::ParentProcess()
[0m
[33mW[2023-07-11 19:40:03.533][826-827] The system call is banned
3: No such process
Call trace: 
/home/langningc2009/OJ/TestCase.cpp:295 RESULT TEST_CASE::CheckSystemCall()
[0m
[33mW[2023-07-11 19:40:03.534][826-827] The system call is banned
3: No such process
Call trace: 
/home/langningc2009/OJ/TestCase.cpp:295 RESULT TEST_CASE::CheckSystemCall()
/home/langningc2009/OJ/TestCase.cpp:311 RESULT TEST_CASE::ParentProcess()
[0m
[33mW[2023-07-11 19:40:03.657][826-827] The system call is banned
3: No such process
Call trace: 
/home/langningc2009/OJ/TestCase.cpp:295 RESULT TEST_CASE::CheckSystemCall()
[0m
[33mW[2023-07-11 19:40:03.657][826-827] The system call is banned
3: No such process
Call trace: 
/home/langningc2009/OJ/TestCase.cpp:295 RESULT TEST_CASE::CheckSystemCall()
/home/langningc2009/OJ/TestCase.cpp:311 RESULT TEST_CASE::ParentProcess()
[0m
[33mW[2023-07-11 19:40:03.770][826-827] The system call is banned
3: No such process
Call trace: 
/home/langningc2009/OJ/TestCase.cpp:295 RESULT TEST_CASE::CheckSystemCall()
[0m
[33mW[2023-07-11 19:40:03.770][826-827] The system call is banned
3: No such process
Call trace: 
/home/langningc2009/OJ/TestCase.cpp:295 RESULT TEST_CASE::CheckSystemCall()
/home/langningc2009/OJ/TestCase.cpp:311 RESULT TEST_CASE::ParentProcess()
[0m
[33mW[2023-07-11 19:40:03.897][826-827] Judged
3: No such process
Call trace: 
/home/langningc2009/OJ/TestCase.cpp:219 RESULT TEST_CASE::CheckSignal()
[0m
[33mW[2023-07-11 19:40:03.898][826-827] Judged
3: No such process
Call trace: 
/home/langningc2009/OJ/TestCase.cpp:219 RESULT TEST_CASE::CheckSignal()
/home/langningc2009/OJ/TestCase.cpp:309 RESULT TEST_CASE::ParentProcess()
[0m
[33mW[2023-07-11 19:40:04.018][826-827] Judged
3: No such process
Call trace: 
/home/langningc2009/OJ/TestCase.cpp:219 RESULT TEST_CASE::CheckSignal()
[0m
[33mW[2023-07-11 19:40:04.018][826-827] Judged
3: No such process
Call trace: 
/home/langningc2009/OJ/TestCase.cpp:219 RESULT TEST_CASE::CheckSignal()
/home/langningc2009/OJ/TestCase.cpp:309 RESULT TEST_CASE::ParentProcess()
[0m
[33mW[2023-07-11 19:40:04.135][826-827] The system call is banned
3: No such process
Call trace: 
/home/langningc2009/OJ/TestCase.cpp:295 RESULT TEST_CASE::CheckSystemCall()
[0m
[33mW[2023-07-11 19:40:04.135][826-827] The system call is banned
3: No such process
Call trace: 
/home/langningc2009/OJ/TestCase.cpp:295 RESULT TEST_CASE::CheckSystemCall()
/home/langningc2009/OJ/TestCase.cpp:311 RESULT TEST_CASE::ParentProcess()
[0m
[33mW[2023-07-11 19:40:51.776][826-827] Judged
3: No such process
Call trace: 
/home/langningc2009/OJ/TestCase.cpp:219 RESULT TEST_CASE::CheckSignal()
[0m
[33mW[2023-07-11 19:40:51.776][826-827] Judged
3: No such process
Call trace: 
/home/langningc2009/OJ/TestCase.cpp:219 RESULT TEST_CASE::CheckSignal()
/home/langningc2009/OJ/TestCase.cpp:309 RESULT TEST_CASE::ParentProcess()
[0m
[33mW[2023-07-11 19:40:51.883][826-827] Judged
3: No such process
Call trace: 
/home/langningc2009/OJ/TestCase.cpp:219 RESULT TEST_CASE::CheckSignal()
[0m
[33mW[2023-07-11 19:40:51.883][826-827] Judged
3: No such process
Call trace: 
/home/langningc2009/OJ/TestCase.cpp:219 RESULT TEST_CASE::CheckSignal()
/home/langningc2009/OJ/TestCase.cpp:309 RESULT TEST_CASE::ParentProcess()
[0m
[33mW[2023-07-11 19:40:51.993][826-827] Judged
3: No such process
Call trace: 
/home/langningc2009/OJ/TestCase.cpp:219 RESULT TEST_CASE::CheckSignal()
[0m
[33mW[2023-07-11 19:40:51.993][826-827] Judged
3: No such process
Call trace: 
/home/langningc2009/OJ/TestCase.cpp:219 RESULT TEST_CASE::CheckSignal()
/home/langningc2009/OJ/TestCase.cpp:309 RESULT TEST_CASE::ParentProcess()
[0m
[33mW[2023-07-11 19:40:52.106][826-827] Judged
3: No such process
Call trace: 
/home/langningc2009/OJ/TestCase.cpp:219 RESULT TEST_CASE::CheckSignal()
[0m
[33mW[2023-07-11 19:40:52.106][826-827] Judged
3: No such process
Call trace: 
/home/langningc2009/OJ/TestCase.cpp:219 RESULT TEST_CASE::CheckSignal()
/home/langningc2009/OJ/TestCase.cpp:309 RESULT TEST_CASE::ParentProcess()
[0m
[33mW[2023-07-11 19:40:52.208][826-827] Judged
3: No such process
Call trace: 
/home/langningc2009/OJ/TestCase.cpp:219 RESULT TEST_CASE::CheckSignal()
[0m
[33mW[2023-07-11 19:40:52.208][826-827] Judged
3: No such process
Call trace: 
/home/langningc2009/OJ/TestCase.cpp:219 RESULT TEST_CASE::CheckSignal()
/home/langningc2009/OJ/TestCase.cpp:309 RESULT TEST_CASE::ParentProcess()
[0m
[33mW[2023-07-11 19:40:52.324][826-827] Judged
3: No such process
Call trace: 
/home/langningc2009/OJ/TestCase.cpp:219 RESULT TEST_CASE::CheckSignal()
[0m
[33mW[2023-07-11 19:40:52.324][826-827] Judged
3: No such process
Call trace: 
/home/langningc2009/OJ/TestCase.cpp:219 RESULT TEST_CASE::CheckSignal()
/home/langningc2009/OJ/TestCase.cpp:309 RESULT TEST_CASE::ParentProcess()
[0m
[33mW[2023-07-11 19:40:52.442][826-827] Judged
3: No such process
Call trace: 
/home/langningc2009/OJ/TestCase.cpp:219 RESULT TEST_CASE::CheckSignal()
[0m
[33mW[2023-07-11 19:40:52.442][826-827] Judged
3: No such process
Call trace: 
/home/langningc2009/OJ/TestCase.cpp:219 RESULT TEST_CASE::CheckSignal()
/home/langningc2009/OJ/TestCase.cpp:309 RESULT TEST_CASE::ParentProcess()
[0m
[33mW[2023-07-11 19:40:52.549][826-827] Judged
3: No such process
Call trace: 
/home/langningc2009/OJ/TestCase.cpp:219 RESULT TEST_CASE::CheckSignal()
[0m
[33mW[2023-07-11 19:40:52.549][826-827] Judged
3: No such process
Call trace: 
/home/langningc2009/OJ/TestCase.cpp:219 RESULT TEST_CASE::CheckSignal()
/home/langningc2009/OJ/TestCase.cpp:309 RESULT TEST_CASE::ParentProcess()
[0m
[33mW[2023-07-11 19:40:52.648][826-827] Judged
3: No such process
Call trace: 
/home/langningc2009/OJ/TestCase.cpp:219 RESULT TEST_CASE::CheckSignal()
[0m
[33mW[2023-07-11 19:40:52.648][826-827] Judged
3: No such process
Call trace: 
/home/langningc2009/OJ/TestCase.cpp:219 RESULT TEST_CASE::CheckSignal()
/home/langningc2009/OJ/TestCase.cpp:309 RESULT TEST_CASE::ParentProcess()
[0m
[33mW[2023-07-11 19:40:52.764][826-827] Judged
3: No such process
Call trace: 
/home/langningc2009/OJ/TestCase.cpp:219 RESULT TEST_CASE::CheckSignal()
[0m
[33mW[2023-07-11 19:40:52.764][826-827] Judged
3: No such process
Call trace: 
/home/langningc2009/OJ/TestCase.cpp:219 RESULT TEST_CASE::CheckSignal()
/home/langningc2009/OJ/TestCase.cpp:309 RESULT TEST_CASE::ParentProcess()
[0m
[33mW[2023-07-11 19:40:52.877][826-827] Judged
3: No such process
Call trace: 
/home/langningc2009/OJ/TestCase.cpp:219 RESULT TEST_CASE::CheckSignal()
[0m
[33mW[2023-07-11 19:40:52.877][826-827] Judged
3: No such process
Call trace: 
/home/langningc2009/OJ/TestCase.cpp:219 RESULT TEST_CASE::CheckSignal()
/home/langningc2009/OJ/TestCase.cpp:309 RESULT TEST_CASE::ParentProcess()
[0m
[33mW[2023-07-11 19:40:52.994][826-827] Judged
3: No such process
Call trace: 
/home/langningc2009/OJ/TestCase.cpp:219 RESULT TEST_CASE::CheckSignal()
[0m
[33mW[2023-07-11 19:40:52.994][826-827] Judged
3: No such process
Call trace: 
/home/langningc2009/OJ/TestCase.cpp:219 RESULT TEST_CASE::CheckSignal()
/home/langningc2009/OJ/TestCase.cpp:309 RESULT TEST_CASE::ParentProcess()
[0m
[33mW[2023-07-11 19:40:53.099][826-827] Judged
3: No such process
Call trace: 
/home/langningc2009/OJ/TestCase.cpp:219 RESULT TEST_CASE::CheckSignal()
[0m
[33mW[2023-07-11 19:40:53.099][826-827] Judged
3: No such process
Call trace: 
/home/langningc2009/OJ/TestCase.cpp:219 RESULT TEST_CASE::CheckSignal()
/home/langningc2009/OJ/TestCase.cpp:309 RESULT TEST_CASE::ParentProcess()
[0m
[33mW[2023-07-11 19:40:53.211][826-827] Judged
3: No such process
Call trace: 
/home/langningc2009/OJ/TestCase.cpp:219 RESULT TEST_CASE::CheckSignal()
[0m
[33mW[2023-07-11 19:40:53.211][826-827] Judged
3: No such process
Call trace: 
/home/langningc2009/OJ/TestCase.cpp:219 RESULT TEST_CASE::CheckSignal()
/home/langningc2009/OJ/TestCase.cpp:309 RESULT TEST_CASE::ParentProcess()
[0m
[33mW[2023-07-11 19:40:53.309][826-827] Judged
3: No such process
Call trace: 
/home/langningc2009/OJ/TestCase.cpp:219 RESULT TEST_CASE::CheckSignal()
[0m
[33mW[2023-07-11 19:40:53.309][826-827] Judged
3: No such process
Call trace: 
/home/langningc2009/OJ/TestCase.cpp:219 RESULT TEST_CASE::CheckSignal()
/home/langningc2009/OJ/TestCase.cpp:309 RESULT TEST_CASE::ParentProcess()
[0m
[33mW[2023-07-11 19:40:53.409][826-827] Judged
3: No such process
Call trace: 
/home/langningc2009/OJ/TestCase.cpp:219 RESULT TEST_CASE::CheckSignal()
[0m
[33mW[2023-07-11 19:40:53.409][826-827] Judged
3: No such process
Call trace: 
/home/langningc2009/OJ/TestCase.cpp:219 RESULT TEST_CASE::CheckSignal()
/home/langningc2009/OJ/TestCase.cpp:309 RESULT TEST_CASE::ParentProcess()
[0m
[33mW[2023-07-11 19:40:53.519][826-827] Judged
3: No such process
Call trace: 
/home/langningc2009/OJ/TestCase.cpp:219 RESULT TEST_CASE::CheckSignal()
[0m
[33mW[2023-07-11 19:40:53.519][826-827] Judged
3: No such process
Call trace: 
/home/langningc2009/OJ/TestCase.cpp:219 RESULT TEST_CASE::CheckSignal()
/home/langningc2009/OJ/TestCase.cpp:309 RESULT TEST_CASE::ParentProcess()
[0m
[33mW[2023-07-11 19:40:53.629][826-827] Judged
3: No such process
Call trace: 
/home/langningc2009/OJ/TestCase.cpp:219 RESULT TEST_CASE::CheckSignal()
[0m
[33mW[2023-07-11 19:40:53.629][826-827] Judged
3: No such process
Call trace: 
/home/langningc2009/OJ/TestCase.cpp:219 RESULT TEST_CASE::CheckSignal()
/home/langningc2009/OJ/TestCase.cpp:309 RESULT TEST_CASE::ParentProcess()
[0m
[33mW[2023-07-11 19:40:53.741][826-827] Judged
3: No such process
Call trace: 
/home/langningc2009/OJ/TestCase.cpp:219 RESULT TEST_CASE::CheckSignal()
[0m
[33mW[2023-07-11 19:40:53.741][826-827] Judged
3: No such process
Call trace: 
/home/langningc2009/OJ/TestCase.cpp:219 RESULT TEST_CASE::CheckSignal()
/home/langningc2009/OJ/TestCase.cpp:309 RESULT TEST_CASE::ParentProcess()
[0m
[33mW[2023-07-11 19:40:53.884][826-827] Judged
3: No such process
Call trace: 
/home/langningc2009/OJ/TestCase.cpp:219 RESULT TEST_CASE::CheckSignal()
[0m
[33mW[2023-07-11 19:40:53.884][826-827] Judged
3: No such process
Call trace: 
/home/langningc2009/OJ/TestCase.cpp:219 RESULT TEST_CASE::CheckSignal()
/home/langningc2009/OJ/TestCase.cpp:309 RESULT TEST_CASE::ParentProcess()
[0m
[33mW[2023-07-11 19:40:54.019][826-827] Judged
3: No such process
Call trace: 
/home/langningc2009/OJ/TestCase.cpp:219 RESULT TEST_CASE::CheckSignal()
[0m
[33mW[2023-07-11 19:40:54.019][826-827] Judged
3: No such process
Call trace: 
/home/langningc2009/OJ/TestCase.cpp:219 RESULT TEST_CASE::CheckSignal()
/home/langningc2009/OJ/TestCase.cpp:309 RESULT TEST_CASE::ParentProcess()
[0m
[33mW[2023-07-11 19:40:54.119][826-827] Judged
3: No such process
Call trace: 
/home/langningc2009/OJ/TestCase.cpp:219 RESULT TEST_CASE::CheckSignal()
[0m
[33mW[2023-07-11 19:40:54.119][826-827] Judged
3: No such process
Call trace: 
/home/langningc2009/OJ/TestCase.cpp:219 RESULT TEST_CASE::CheckSignal()
/home/langningc2009/OJ/TestCase.cpp:309 RESULT TEST_CASE::ParentProcess()
[0m
[33mW[2023-07-11 19:40:54.236][826-827] Judged
3: No such process
Call trace: 
/home/langningc2009/OJ/TestCase.cpp:219 RESULT TEST_CASE::CheckSignal()
[0m
[33mW[2023-07-11 19:40:54.236][826-827] Judged
3: No such process
Call trace: 
/home/langningc2009/OJ/TestCase.cpp:219 RESULT TEST_CASE::CheckSignal()
/home/langningc2009/OJ/TestCase.cpp:309 RESULT TEST_CASE::ParentProcess()
[0m
[33mW[2023-07-11 19:40:54.357][826-827] Judged
3: No such process
Call trace: 
/home/langningc2009/OJ/TestCase.cpp:219 RESULT TEST_CASE::CheckSignal()
[0m
[33mW[2023-07-11 19:40:54.357][826-827] Judged
3: No such process
Call trace: 
/home/langningc2009/OJ/TestCase.cpp:219 RESULT TEST_CASE::CheckSignal()
/home/langningc2009/OJ/TestCase.cpp:309 RESULT TEST_CASE::ParentProcess()
[0m
[33mW[2023-07-11 19:40:54.501][826-827] Judged
3: No such process
Call trace: 
/home/langningc2009/OJ/TestCase.cpp:219 RESULT TEST_CASE::CheckSignal()
[0m
[33mW[2023-07-11 19:40:54.501][826-827] Judged
3: No such process
Call trace: 
/home/langningc2009/OJ/TestCase.cpp:219 RESULT TEST_CASE::CheckSignal()
/home/langningc2009/OJ/TestCase.cpp:309 RESULT TEST_CASE::ParentProcess()
[0m
[33mW[2023-07-11 19:40:54.660][826-827] Judged
3: No such process
Call trace: 
/home/langningc2009/OJ/TestCase.cpp:219 RESULT TEST_CASE::CheckSignal()
[0m
[33mW[2023-07-11 19:40:54.660][826-827] Judged
3: No such process
Call trace: 
/home/langningc2009/OJ/TestCase.cpp:219 RESULT TEST_CASE::CheckSignal()
/home/langningc2009/OJ/TestCase.cpp:309 RESULT TEST_CASE::ParentProcess()
[0m
[33mW[2023-07-11 19:40:54.767][826-827] Judged
3: No such process
Call trace: 
/home/langningc2009/OJ/TestCase.cpp:219 RESULT TEST_CASE::CheckSignal()
[0m
[33mW[2023-07-11 19:40:54.767][826-827] Judged
3: No such process
Call trace: 
/home/langningc2009/OJ/TestCase.cpp:219 RESULT TEST_CASE::CheckSignal()
/home/langningc2009/OJ/TestCase.cpp:309 RESULT TEST_CASE::ParentProcess()
[0m
[33mW[2023-07-11 19:40:54.976][826-827] Judged
3: No such process
Call trace: 
/home/langningc2009/OJ/TestCase.cpp:219 RESULT TEST_CASE::CheckSignal()
[0m
[33mW[2023-07-11 19:40:54.976][826-827] Judged
3: No such process
Call trace: 
/home/langningc2009/OJ/TestCase.cpp:219 RESULT TEST_CASE::CheckSignal()
/home/langningc2009/OJ/TestCase.cpp:309 RESULT TEST_CASE::ParentProcess()
[0m
[33mW[2023-07-11 19:40:55.101][826-827] Judged
3: No such process
Call trace: 
/home/langningc2009/OJ/TestCase.cpp:219 RESULT TEST_CASE::CheckSignal()
[0m
[33mW[2023-07-11 19:40:55.101][826-827] Judged
3: No such process
Call trace: 
/home/langningc2009/OJ/TestCase.cpp:219 RESULT TEST_CASE::CheckSignal()
/home/langningc2009/OJ/TestCase.cpp:309 RESULT TEST_CASE::ParentProcess()
[0m
[33mW[2023-07-11 19:40:55.211][826-827] Judged
3: No such process
Call trace: 
/home/langningc2009/OJ/TestCase.cpp:219 RESULT TEST_CASE::CheckSignal()
[0m
[33mW[2023-07-11 19:40:55.212][826-827] Judged
3: No such process
Call trace: 
/home/langningc2009/OJ/TestCase.cpp:219 RESULT TEST_CASE::CheckSignal()
/home/langningc2009/OJ/TestCase.cpp:309 RESULT TEST_CASE::ParentProcess()
[0m
[33mW[2023-07-11 19:43:08.198][826-827] Child process exited with code 2
3: No such process
Call trace: 
/home/langningc2009/OJ/TestCase.cpp:216 RESULT TEST_CASE::CheckSignal()
[0m
[33mW[2023-07-11 19:43:08.198][826-827] Child process exited with code 2
3: No such process
Call trace: 
/home/langningc2009/OJ/TestCase.cpp:216 RESULT TEST_CASE::CheckSignal()
/home/langningc2009/OJ/TestCase.cpp:309 RESULT TEST_CASE::ParentProcess()
[0m
[33mW[2023-07-11 19:43:08.328][826-827] Child process exited with code 2
3: No such process
Call trace: 
/home/langningc2009/OJ/TestCase.cpp:216 RESULT TEST_CASE::CheckSignal()
[0m
[33mW[2023-07-11 19:43:08.328][826-827] Child process exited with code 2
3: No such process
Call trace: 
/home/langningc2009/OJ/TestCase.cpp:216 RESULT TEST_CASE::CheckSignal()
/home/langningc2009/OJ/TestCase.cpp:309 RESULT TEST_CASE::ParentProcess()
[0m
[33mW[2023-07-11 19:43:08.443][826-827] Child process exited with code 2
3: No such process
Call trace: 
/home/langningc2009/OJ/TestCase.cpp:216 RESULT TEST_CASE::CheckSignal()
[0m
[33mW[2023-07-11 19:43:08.443][826-827] Child process exited with code 2
3: No such process
Call trace: 
/home/langningc2009/OJ/TestCase.cpp:216 RESULT TEST_CASE::CheckSignal()
/home/langningc2009/OJ/TestCase.cpp:309 RESULT TEST_CASE::ParentProcess()
[0m
[33mW[2023-07-11 19:43:08.544][826-827] Child process exited with code 2
3: No such process
Call trace: 
/home/langningc2009/OJ/TestCase.cpp:216 RESULT TEST_CASE::CheckSignal()
[0m
[33mW[2023-07-11 19:43:08.544][826-827] Child process exited with code 2
3: No such process
Call trace: 
/home/langningc2009/OJ/TestCase.cpp:216 RESULT TEST_CASE::CheckSignal()
/home/langningc2009/OJ/TestCase.cpp:309 RESULT TEST_CASE::ParentProcess()
[0m
[33mW[2023-07-11 19:43:08.639][826-827] Child process exited with code 2
3: No such process
Call trace: 
/home/langningc2009/OJ/TestCase.cpp:216 RESULT TEST_CASE::CheckSignal()
[0m
[33mW[2023-07-11 19:43:08.639][826-827] Child process exited with code 2
3: No such process
Call trace: 
/home/langningc2009/OJ/TestCase.cpp:216 RESULT TEST_CASE::CheckSignal()
/home/langningc2009/OJ/TestCase.cpp:309 RESULT TEST_CASE::ParentProcess()
[0m
[33mW[2023-07-11 19:43:08.748][826-827] Child process exited with code 2
3: No such process
Call trace: 
/home/langningc2009/OJ/TestCase.cpp:216 RESULT TEST_CASE::CheckSignal()
[0m
[33mW[2023-07-11 19:43:08.748][826-827] Child process exited with code 2
3: No such process
Call trace: 
/home/langningc2009/OJ/TestCase.cpp:216 RESULT TEST_CASE::CheckSignal()
/home/langningc2009/OJ/TestCase.cpp:309 RESULT TEST_CASE::ParentProcess()
[0m
[33mW[2023-07-11 19:43:09.044][826-827] Child process exited with code 2
3: No such process
Call trace: 
/home/langningc2009/OJ/TestCase.cpp:216 RESULT TEST_CASE::CheckSignal()
[0m
[33mW[2023-07-11 19:43:09.044][826-827] Child process exited with code 2
3: No such process
Call trace: 
/home/langningc2009/OJ/TestCase.cpp:216 RESULT TEST_CASE::CheckSignal()
/home/langningc2009/OJ/TestCase.cpp:309 RESULT TEST_CASE::ParentProcess()
[0m
[33mW[2023-07-11 19:43:09.137][826-827] Child process exited with code 2
3: No such process
Call trace: 
/home/langningc2009/OJ/TestCase.cpp:216 RESULT TEST_CASE::CheckSignal()
[0m
[33mW[2023-07-11 19:43:09.137][826-827] Child process exited with code 2
3: No such process
Call trace: 
/home/langningc2009/OJ/TestCase.cpp:216 RESULT TEST_CASE::CheckSignal()
/home/langningc2009/OJ/TestCase.cpp:309 RESULT TEST_CASE::ParentProcess()
[0m
[33mW[2023-07-11 19:43:09.236][826-827] Child process exited with code 2
3: No such process
Call trace: 
/home/langningc2009/OJ/TestCase.cpp:216 RESULT TEST_CASE::CheckSignal()
[0m
[33mW[2023-07-11 19:43:09.236][826-827] Child process exited with code 2
3: No such process
Call trace: 
/home/langningc2009/OJ/TestCase.cpp:216 RESULT TEST_CASE::CheckSignal()
/home/langningc2009/OJ/TestCase.cpp:309 RESULT TEST_CASE::ParentProcess()
[0m
[33mW[2023-07-11 19:43:09.326][826-827] Child process exited with code 2
3: No such process
Call trace: 
/home/langningc2009/OJ/TestCase.cpp:216 RESULT TEST_CASE::CheckSignal()
[0m
[33mW[2023-07-11 19:43:09.326][826-827] Child process exited with code 2
3: No such process
Call trace: 
/home/langningc2009/OJ/TestCase.cpp:216 RESULT TEST_CASE::CheckSignal()
/home/langningc2009/OJ/TestCase.cpp:309 RESULT TEST_CASE::ParentProcess()
[0m
[33mW[2023-07-11 19:43:09.420][826-827] Child process exited with code 2
3: No such process
Call trace: 
/home/langningc2009/OJ/TestCase.cpp:216 RESULT TEST_CASE::CheckSignal()
[0m
[33mW[2023-07-11 19:43:09.420][826-827] Child process exited with code 2
3: No such process
Call trace: 
/home/langningc2009/OJ/TestCase.cpp:216 RESULT TEST_CASE::CheckSignal()
/home/langningc2009/OJ/TestCase.cpp:309 RESULT TEST_CASE::ParentProcess()
[0m
[33mW[2023-07-11 19:43:09.515][826-827] Child process exited with code 2
3: No such process
Call trace: 
/home/langningc2009/OJ/TestCase.cpp:216 RESULT TEST_CASE::CheckSignal()
[0m
[33mW[2023-07-11 19:43:09.515][826-827] Child process exited with code 2
3: No such process
Call trace: 
/home/langningc2009/OJ/TestCase.cpp:216 RESULT TEST_CASE::CheckSignal()
/home/langningc2009/OJ/TestCase.cpp:309 RESULT TEST_CASE::ParentProcess()
[0m
[33mW[2023-07-11 19:43:09.608][826-827] Child process exited with code 2
3: No such process
Call trace: 
/home/langningc2009/OJ/TestCase.cpp:216 RESULT TEST_CASE::CheckSignal()
[0m
[33mW[2023-07-11 19:43:09.608][826-827] Child process exited with code 2
3: No such process
Call trace: 
/home/langningc2009/OJ/TestCase.cpp:216 RESULT TEST_CASE::CheckSignal()
/home/langningc2009/OJ/TestCase.cpp:309 RESULT TEST_CASE::ParentProcess()
[0m
[33mW[2023-07-11 19:43:09.715][826-827] Child process exited with code 2
3: No such process
Call trace: 
/home/langningc2009/OJ/TestCase.cpp:216 RESULT TEST_CASE::CheckSignal()
[0m
[33mW[2023-07-11 19:43:09.716][826-827] Child process exited with code 2
3: No such process
Call trace: 
/home/langningc2009/OJ/TestCase.cpp:216 RESULT TEST_CASE::CheckSignal()
/home/langningc2009/OJ/TestCase.cpp:309 RESULT TEST_CASE::ParentProcess()
[0m
[33mW[2023-07-11 19:43:09.848][826-827] Child process exited with code 2
3: No such process
Call trace: 
/home/langningc2009/OJ/TestCase.cpp:216 RESULT TEST_CASE::CheckSignal()
[0m
[33mW[2023-07-11 19:43:09.848][826-827] Child process exited with code 2
3: No such process
Call trace: 
/home/langningc2009/OJ/TestCase.cpp:216 RESULT TEST_CASE::CheckSignal()
/home/langningc2009/OJ/TestCase.cpp:309 RESULT TEST_CASE::ParentProcess()
[0m
[33mW[2023-07-11 19:43:09.978][826-827] Child process exited with code 2
3: No such process
Call trace: 
/home/langningc2009/OJ/TestCase.cpp:216 RESULT TEST_CASE::CheckSignal()
[0m
[33mW[2023-07-11 19:43:09.978][826-827] Child process exited with code 2
3: No such process
Call trace: 
/home/langningc2009/OJ/TestCase.cpp:216 RESULT TEST_CASE::CheckSignal()
/home/langningc2009/OJ/TestCase.cpp:309 RESULT TEST_CASE::ParentProcess()
[0m
[33mW[2023-07-11 19:43:10.086][826-827] Child process exited with code 2
3: No such process
Call trace: 
/home/langningc2009/OJ/TestCase.cpp:216 RESULT TEST_CASE::CheckSignal()
[0m
[33mW[2023-07-11 19:43:10.086][826-827] Child process exited with code 2
3: No such process
Call trace: 
/home/langningc2009/OJ/TestCase.cpp:216 RESULT TEST_CASE::CheckSignal()
/home/langningc2009/OJ/TestCase.cpp:309 RESULT TEST_CASE::ParentProcess()
[0m
[33mW[2023-07-11 19:43:10.182][826-827] Child process exited with code 2
3: No such process
Call trace: 
/home/langningc2009/OJ/TestCase.cpp:216 RESULT TEST_CASE::CheckSignal()
[0m
[33mW[2023-07-11 19:43:10.182][826-827] Child process exited with code 2
3: No such process
Call trace: 
/home/langningc2009/OJ/TestCase.cpp:216 RESULT TEST_CASE::CheckSignal()
/home/langningc2009/OJ/TestCase.cpp:309 RESULT TEST_CASE::ParentProcess()
[0m
[33mW[2023-07-11 19:43:10.275][826-827] Child process exited with code 2
3: No such process
Call trace: 
/home/langningc2009/OJ/TestCase.cpp:216 RESULT TEST_CASE::CheckSignal()
[0m
[33mW[2023-07-11 19:43:10.276][826-827] Child process exited with code 2
3: No such process
Call trace: 
/home/langningc2009/OJ/TestCase.cpp:216 RESULT TEST_CASE::CheckSignal()
/home/langningc2009/OJ/TestCase.cpp:309 RESULT TEST_CASE::ParentProcess()
[0m
[33mW[2023-07-11 19:43:10.367][826-827] Child process exited with code 2
3: No such process
Call trace: 
/home/langningc2009/OJ/TestCase.cpp:216 RESULT TEST_CASE::CheckSignal()
[0m
[33mW[2023-07-11 19:43:10.367][826-827] Child process exited with code 2
3: No such process
Call trace: 
/home/langningc2009/OJ/TestCase.cpp:216 RESULT TEST_CASE::CheckSignal()
/home/langningc2009/OJ/TestCase.cpp:309 RESULT TEST_CASE::ParentProcess()
[0m
[33mW[2023-07-11 19:43:10.469][826-827] Child process exited with code 2
3: No such process
Call trace: 
/home/langningc2009/OJ/TestCase.cpp:216 RESULT TEST_CASE::CheckSignal()
[0m
[33mW[2023-07-11 19:43:10.469][826-827] Child process exited with code 2
3: No such process
Call trace: 
/home/langningc2009/OJ/TestCase.cpp:216 RESULT TEST_CASE::CheckSignal()
/home/langningc2009/OJ/TestCase.cpp:309 RESULT TEST_CASE::ParentProcess()
[0m
[33mW[2023-07-11 19:43:10.566][826-827] Child process exited with code 2
3: No such process
Call trace: 
/home/langningc2009/OJ/TestCase.cpp:216 RESULT TEST_CASE::CheckSignal()
[0m
[33mW[2023-07-11 19:43:10.566][826-827] Child process exited with code 2
3: No such process
Call trace: 
/home/langningc2009/OJ/TestCase.cpp:216 RESULT TEST_CASE::CheckSignal()
/home/langningc2009/OJ/TestCase.cpp:309 RESULT TEST_CASE::ParentProcess()
[0m
[33mW[2023-07-11 19:43:10.687][826-827] Child process exited with code 2
3: No such process
Call trace: 
/home/langningc2009/OJ/TestCase.cpp:216 RESULT TEST_CASE::CheckSignal()
[0m
[33mW[2023-07-11 19:43:10.687][826-827] Child process exited with code 2
3: No such process
Call trace: 
/home/langningc2009/OJ/TestCase.cpp:216 RESULT TEST_CASE::CheckSignal()
/home/langningc2009/OJ/TestCase.cpp:309 RESULT TEST_CASE::ParentProcess()
[0m
[33mW[2023-07-11 19:43:10.851][826-827] Child process exited with code 2
3: No such process
Call trace: 
/home/langningc2009/OJ/TestCase.cpp:216 RESULT TEST_CASE::CheckSignal()
[0m
[33mW[2023-07-11 19:43:10.851][826-827] Child process exited with code 2
3: No such process
Call trace: 
/home/langningc2009/OJ/TestCase.cpp:216 RESULT TEST_CASE::CheckSignal()
/home/langningc2009/OJ/TestCase.cpp:309 RESULT TEST_CASE::ParentProcess()
[0m
[33mW[2023-07-11 19:43:10.992][826-827] Child process exited with code 2
3: No such process
Call trace: 
/home/langningc2009/OJ/TestCase.cpp:216 RESULT TEST_CASE::CheckSignal()
[0m
[33mW[2023-07-11 19:43:10.992][826-827] Child process exited with code 2
3: No such process
Call trace: 
/home/langningc2009/OJ/TestCase.cpp:216 RESULT TEST_CASE::CheckSignal()
/home/langningc2009/OJ/TestCase.cpp:309 RESULT TEST_CASE::ParentProcess()
[0m
[33mW[2023-07-11 19:43:11.148][826-827] Child process exited with code 2
3: No such process
Call trace: 
/home/langningc2009/OJ/TestCase.cpp:216 RESULT TEST_CASE::CheckSignal()
[0m
[33mW[2023-07-11 19:43:11.148][826-827] Child process exited with code 2
3: No such process
Call trace: 
/home/langningc2009/OJ/TestCase.cpp:216 RESULT TEST_CASE::CheckSignal()
/home/langningc2009/OJ/TestCase.cpp:309 RESULT TEST_CASE::ParentProcess()
[0m
[33mW[2023-07-11 19:43:11.273][826-827] Child process exited with code 2
3: No such process
Call trace: 
/home/langningc2009/OJ/TestCase.cpp:216 RESULT TEST_CASE::CheckSignal()
[0m
[33mW[2023-07-11 19:43:11.273][826-827] Child process exited with code 2
3: No such process
Call trace: 
/home/langningc2009/OJ/TestCase.cpp:216 RESULT TEST_CASE::CheckSignal()
/home/langningc2009/OJ/TestCase.cpp:309 RESULT TEST_CASE::ParentProcess()
[0m
[33mW[2023-07-11 19:43:11.399][826-827] Child process exited with code 2
3: No such process
Call trace: 
/home/langningc2009/OJ/TestCase.cpp:216 RESULT TEST_CASE::CheckSignal()
[0m
[33mW[2023-07-11 19:43:11.399][826-827] Child process exited with code 2
3: No such process
Call trace: 
/home/langningc2009/OJ/TestCase.cpp:216 RESULT TEST_CASE::CheckSignal()
/home/langningc2009/OJ/TestCase.cpp:309 RESULT TEST_CASE::ParentProcess()
[0m
[33mW[2023-07-11 19:43:11.516][826-827] Child process exited with code 2
3: No such process
Call trace: 
/home/langningc2009/OJ/TestCase.cpp:216 RESULT TEST_CASE::CheckSignal()
[0m
[33mW[2023-07-11 19:43:11.516][826-827] Child process exited with code 2
3: No such process
Call trace: 
/home/langningc2009/OJ/TestCase.cpp:216 RESULT TEST_CASE::CheckSignal()
/home/langningc2009/OJ/TestCase.cpp:309 RESULT TEST_CASE::ParentProcess()
[0m
[33mW[2023-07-11 19:43:11.655][826-827] Child process exited with code 2
3: No such process
Call trace: 
/home/langningc2009/OJ/TestCase.cpp:216 RESULT TEST_CASE::CheckSignal()
[0m
[33mW[2023-07-11 19:43:11.655][826-827] Child process exited with code 2
3: No such process
Call trace: 
/home/langningc2009/OJ/TestCase.cpp:216 RESULT TEST_CASE::CheckSignal()
/home/langningc2009/OJ/TestCase.cpp:309 RESULT TEST_CASE::ParentProcess()
[0m
